#
# There is insufficient memory for the Java Runtime Environment to continue.
# Native memory allocation (malloc) failed to allocate 849456 bytes. Error detail: Chunk::new
# Possible reasons:
#   The system is out of physical RAM or swap space
#   This process is running with CompressedOops enabled, and the Java Heap may be blocking the growth of the native heap
# Possible solutions:
#   Reduce memory load on the system
#   Increase physical memory or swap space
#   Check if swap backing store is full
#   Decrease Java heap size (-Xmx/-Xms)
#   Decrease number of Java threads
#   Decrease Java thread stack sizes (-Xss)
#   Set larger code cache with -XX:ReservedCodeCacheSize=
#   JVM is running with Unscaled Compressed Oops mode in which the Java heap is
#     placed in the first 4GB address space. The Java Heap base address is the
#     maximum limit for the native heap growth. Please use -XX:HeapBaseMinAddress
#     to set the Java Heap base and to place the Java Heap above 4GB virtual address.
# This output file may be truncated or incomplete.
#
#  Out of Memory Error (arena.cpp:150), pid=4048, tid=10348
#
# JRE version: Java(TM) SE Runtime Environment (22.0+36) (build 22+36-2370)
# Java VM: Java HotSpot(TM) 64-Bit Server VM (22+36-2370, mixed mode, sharing, tiered, compressed oops, compressed class ptrs, g1 gc, windows-amd64)
# No core dump will be written. Minidumps are not enabled by default on client versions of Windows
#

---------------  S U M M A R Y ------------

Command Line: -Dclassworlds.conf=C:\Program Files\NetBeans-23\netbeans\java\maven\bin\m2.conf -Dmaven.home=C:\Program Files\NetBeans-23\netbeans\java\maven -Dlibrary.jansi.path=C:\Program Files\NetBeans-23\netbeans\java\maven\lib\jansi-native -Dmaven.multiModuleProjectDirectory=C:\Users\Jennifer Ebertz\Documents\NetBeansProjects\ProjetoLPOOE1_GabrielAnaelStrotkamp\ProjetoLPOOE1_GabrielAnaelStrotkamp\ProjetoAB_LPOO_2025_1 org.codehaus.plexus.classworlds.launcher.Launcher -Dexec.vmArgs= -Dexec.args=${exec.vmArgs} -classpath %classpath ${exec.mainClass} ${exec.appArgs} -Dexec.executable=E:\Users\gabri\Downloads\jdk-22\bin\java.exe -Dexec.mainClass=br.edu.ifsul.lpoo.view.TelaInicialJF -Dexec.classpathScope=runtime -Dexec.appArgs= -Dmaven.ext.class.path=C:\Program Files\NetBeans-23\netbeans\java\maven-nblib\netbeans-eventspy.jar --no-transfer-progress process-classes org.codehaus.mojo:exec-maven-plugin:3.1.0:exec

Host: Intel(R) Pentium(R) CPU  N3700  @ 1.60GHz, 4 cores, 3G,  Windows 10 , 64 bit Build 19041 (10.0.19041.3636)
Time: Mon Jun 23 04:20:08 2025 Hora oficial do Brasil elapsed time: 22.387581 seconds (0d 0h 0m 22s)

---------------  T H R E A D  ---------------

Current thread (0x0000016d4258c480):  JavaThread "C2 CompilerThread0" daemon [_thread_in_native, id=10348, stack(0x00000044e9000000,0x00000044e9100000) (1024K)]


Current CompileTask:
C2:22387 4894   !   4       java.nio.file.FileTreeWalker::next (144 bytes)

Stack: [0x00000044e9000000,0x00000044e9100000]
Native frames: (J=compiled Java code, j=interpreted, Vv=VM code, C=native code)
V  [jvm.dll+0x6e2349]  (no source info available)
V  [jvm.dll+0x874ed3]  (no source info available)
V  [jvm.dll+0x8772fe]  (no source info available)
V  [jvm.dll+0x8779d3]  (no source info available)
V  [jvm.dll+0x27fcb6]  (no source info available)
V  [jvm.dll+0xc3d0f]  (no source info available)
V  [jvm.dll+0xc3f6b]  (no source info available)
V  [jvm.dll+0x3bb022]  (no source info available)
V  [jvm.dll+0x1df66c]  (no source info available)
V  [jvm.dll+0x247a4c]  (no source info available)
V  [jvm.dll+0x246faf]  (no source info available)
V  [jvm.dll+0x1c4e90]  (no source info available)
V  [jvm.dll+0x25699e]  (no source info available)
V  [jvm.dll+0x254c5a]  (no source info available)
V  [jvm.dll+0x3f5426]  (no source info available)
V  [jvm.dll+0x81d50b]  (no source info available)
V  [jvm.dll+0x6e09e5]  (no source info available)
C  [ucrtbase.dll+0x21bb2]  (no source info available)
C  [KERNEL32.DLL+0x17344]  (no source info available)
C  [ntdll.dll+0x526b1]  (no source info available)


---------------  P R O C E S S  ---------------

Threads class SMR info:
_java_thread_list=0x0000016d42b1be90, length=11, elements={
0x0000016d25a6b0e0, 0x0000016d4257c000, 0x0000016d4257d5c0, 0x0000016d4257f0a0,
0x0000016d42582ea0, 0x0000016d425840a0, 0x0000016d425887a0, 0x0000016d4258c480,
0x0000016d4258d6d0, 0x0000016d427e1ca0, 0x0000016d427e87a0
}

Java Threads: ( => current thread )
  0x0000016d25a6b0e0 JavaThread "main"                              [_thread_in_native, id=10692, stack(0x00000044e8200000,0x00000044e8300000) (1024K)]
  0x0000016d4257c000 JavaThread "Reference Handler"          daemon [_thread_blocked, id=11364, stack(0x00000044e8a00000,0x00000044e8b00000) (1024K)]
  0x0000016d4257d5c0 JavaThread "Finalizer"                  daemon [_thread_blocked, id=3480, stack(0x00000044e8b00000,0x00000044e8c00000) (1024K)]
  0x0000016d4257f0a0 JavaThread "Signal Dispatcher"          daemon [_thread_blocked, id=6604, stack(0x00000044e8c00000,0x00000044e8d00000) (1024K)]
  0x0000016d42582ea0 JavaThread "Attach Listener"            daemon [_thread_blocked, id=11216, stack(0x00000044e8d00000,0x00000044e8e00000) (1024K)]
  0x0000016d425840a0 JavaThread "Service Thread"             daemon [_thread_blocked, id=11780, stack(0x00000044e8e00000,0x00000044e8f00000) (1024K)]
  0x0000016d425887a0 JavaThread "Monitor Deflation Thread"   daemon [_thread_blocked, id=10788, stack(0x00000044e8f00000,0x00000044e9000000) (1024K)]
=>0x0000016d4258c480 JavaThread "C2 CompilerThread0"         daemon [_thread_in_native, id=10348, stack(0x00000044e9000000,0x00000044e9100000) (1024K)]
  0x0000016d4258d6d0 JavaThread "C1 CompilerThread0"         daemon [_thread_blocked, id=10232, stack(0x00000044e9100000,0x00000044e9200000) (1024K)]
  0x0000016d427e1ca0 JavaThread "Notification Thread"        daemon [_thread_blocked, id=11644, stack(0x00000044e9200000,0x00000044e9300000) (1024K)]
  0x0000016d427e87a0 JavaThread "Common-Cleaner"             daemon [_thread_blocked, id=6628, stack(0x00000044e9300000,0x00000044e9400000) (1024K)]
Total: 11

Other Threads:
  0x0000016d25c31570 VMThread "VM Thread"                           [id=5764, stack(0x00000044e8900000,0x00000044e8a00000) (1024K)]
  0x0000016d4256cb10 WatcherThread "VM Periodic Task Thread"        [id=10960, stack(0x00000044e8800000,0x00000044e8900000) (1024K)]
  0x0000016d25ba7ff0 WorkerThread "GC Thread#0"                     [id=11232, stack(0x00000044e8300000,0x00000044e8400000) (1024K)]
  0x0000016d88186d50 WorkerThread "GC Thread#1"                     [id=12260, stack(0x00000044e9400000,0x00000044e9500000) (1024K)]
  0x0000016d88662950 WorkerThread "GC Thread#2"                     [id=11668, stack(0x00000044e9500000,0x00000044e9600000) (1024K)]
  0x0000016d88662d00 WorkerThread "GC Thread#3"                     [id=1244, stack(0x00000044e9600000,0x00000044e9700000) (1024K)]
  0x0000016d25bb0ba0 ConcurrentGCThread "G1 Main Marker"            [id=9908, stack(0x00000044e8400000,0x00000044e8500000) (1024K)]
  0x0000016d25bb1d60 WorkerThread "G1 Conc#0"                       [id=11368, stack(0x00000044e8500000,0x00000044e8600000) (1024K)]
  0x0000016d25c08c00 ConcurrentGCThread "G1 Refine#0"               [id=1032, stack(0x00000044e8600000,0x00000044e8700000) (1024K)]
  0x0000016d25c0a6a0 ConcurrentGCThread "G1 Service"                [id=10736, stack(0x00000044e8700000,0x00000044e8800000) (1024K)]
Total: 10

Threads with active compile tasks:
C2 CompilerThread0  22815 4894   !   4       java.nio.file.FileTreeWalker::next (144 bytes)
Total: 1

VM state: not at safepoint (normal execution)

VM Mutex/Monitor currently owned by a thread: None

Heap address: 0x00000000c2800000, size: 984 MB, Compressed Oops mode: 32-bit

CDS archive(s) mapped at: [0x0000016d43000000-0x0000016d43c60000-0x0000016d43c60000), size 12976128, SharedBaseAddress: 0x0000016d43000000, ArchiveRelocationMode: 1.
Compressed class space mapped at: 0x0000016d44000000-0x0000016d84000000, reserved size: 1073741824
Narrow klass base: 0x0000016d43000000, Narrow klass shift: 0, Narrow klass range: 0x41000000

GC Precious Log:
 CardTable entry size: 512
 Card Set container configuration: InlinePtr #cards 5 size 8 Array Of Cards #cards 12 size 40 Howl #buckets 4 coarsen threshold 1843 Howl Bitmap #cards 512 size 80 coarsen threshold 460 Card regions per heap region 1 cards per card region 2048
 CPUs: 4 total, 4 available
 Memory: 3930M
 Large Page Support: Disabled
 NUMA Support: Disabled
 Compressed Oops: Enabled (32-bit)
 Heap Region Size: 1M
 Heap Min Capacity: 8M
 Heap Initial Capacity: 62M
 Heap Max Capacity: 984M
 Pre-touch: Disabled
 Parallel Workers: 4
 Concurrent Workers: 1
 Concurrent Refinement Workers: 4
 Periodic GC: Disabled

Heap:
 garbage-first heap   total reserved 1007616K, committed 58368K, used 30720K [0x00000000c2800000, 0x0000000100000000)
  region size 1024K, 9 young (9216K), 4 survivors (4096K)
 Metaspace       used 25507K, committed 25856K, reserved 1114112K
  class space    used 3008K, committed 3136K, reserved 1048576K

Heap Regions: E=young(eden), S=young(survivor), O=old, HS=humongous(starts), HC=humongous(continues), CS=collection set, F=free, TAMS=top-at-mark-start, PB=parsable bottom
|   0|0x00000000c2800000, 0x00000000c2900000, 0x00000000c2900000|100%| O|  |TAMS 0x00000000c2800000| PB 0x00000000c2800000| Untracked |  0
|   1|0x00000000c2900000, 0x00000000c2a00000, 0x00000000c2a00000|100%| O|  |TAMS 0x00000000c2900000| PB 0x00000000c2900000| Untracked |  0
|   2|0x00000000c2a00000, 0x00000000c2b00000, 0x00000000c2b00000|100%| O|  |TAMS 0x00000000c2a00000| PB 0x00000000c2a00000| Untracked |  0
|   3|0x00000000c2b00000, 0x00000000c2c00000, 0x00000000c2c00000|100%| O|  |TAMS 0x00000000c2b00000| PB 0x00000000c2b00000| Untracked |  0
|   4|0x00000000c2c00000, 0x00000000c2d00000, 0x00000000c2d00000|100%| O|  |TAMS 0x00000000c2c00000| PB 0x00000000c2c00000| Untracked |  0
|   5|0x00000000c2d00000, 0x00000000c2e00000, 0x00000000c2e00000|100%| O|  |TAMS 0x00000000c2d00000| PB 0x00000000c2d00000| Untracked |  0
|   6|0x00000000c2e00000, 0x00000000c2f00000, 0x00000000c2f00000|100%| O|Cm|TAMS 0x00000000c2e00000| PB 0x00000000c2e00000| Complete |  0
|   7|0x00000000c2f00000, 0x00000000c3000000, 0x00000000c3000000|100%| O|  |TAMS 0x00000000c2f00000| PB 0x00000000c2f00000| Untracked |  0
|   8|0x00000000c3000000, 0x00000000c3100000, 0x00000000c3100000|100%|HS|  |TAMS 0x00000000c3000000| PB 0x00000000c3000000| Complete |  0
|   9|0x00000000c3100000, 0x00000000c3200000, 0x00000000c3200000|100%|HS|  |TAMS 0x00000000c3100000| PB 0x00000000c3100000| Complete |  0
|  10|0x00000000c3200000, 0x00000000c3300000, 0x00000000c3300000|100%|HS|  |TAMS 0x00000000c3200000| PB 0x00000000c3200000| Complete |  0
|  11|0x00000000c3300000, 0x00000000c3400000, 0x00000000c3400000|100%|HC|  |TAMS 0x00000000c3300000| PB 0x00000000c3300000| Complete |  0
|  12|0x00000000c3400000, 0x00000000c3500000, 0x00000000c3500000|100%| O|  |TAMS 0x00000000c3400000| PB 0x00000000c3400000| Untracked |  0
|  13|0x00000000c3500000, 0x00000000c3600000, 0x00000000c3600000|100%| O|  |TAMS 0x00000000c3500000| PB 0x00000000c3500000| Untracked |  0
|  14|0x00000000c3600000, 0x00000000c3700000, 0x00000000c3700000|100%| O|  |TAMS 0x00000000c3600000| PB 0x00000000c3600000| Untracked |  0
|  15|0x00000000c3700000, 0x00000000c3800000, 0x00000000c3800000|100%| O|  |TAMS 0x00000000c3700000| PB 0x00000000c3700000| Untracked |  0
|  16|0x00000000c3800000, 0x00000000c3900000, 0x00000000c3900000|100%| O|  |TAMS 0x00000000c3800000| PB 0x00000000c3800000| Untracked |  0
|  17|0x00000000c3900000, 0x00000000c3a00000, 0x00000000c3a00000|100%| O|  |TAMS 0x00000000c3900000| PB 0x00000000c3900000| Untracked |  0
|  18|0x00000000c3a00000, 0x00000000c3b00000, 0x00000000c3b00000|100%| O|  |TAMS 0x00000000c3a00000| PB 0x00000000c3a00000| Untracked |  0
|  19|0x00000000c3b00000, 0x00000000c3c00000, 0x00000000c3c00000|100%| O|  |TAMS 0x00000000c3b00000| PB 0x00000000c3b00000| Untracked |  0
|  20|0x00000000c3c00000, 0x00000000c3d00000, 0x00000000c3d00000|100%| O|  |TAMS 0x00000000c3c00000| PB 0x00000000c3c00000| Untracked |  0
|  21|0x00000000c3d00000, 0x00000000c3e00000, 0x00000000c3e00000|100%| O|  |TAMS 0x00000000c3d00000| PB 0x00000000c3d00000| Untracked |  0
|  22|0x00000000c3e00000, 0x00000000c3e00000, 0x00000000c3f00000|  0%| F|  |TAMS 0x00000000c3e00000| PB 0x00000000c3e00000| Untracked |  0
|  23|0x00000000c3f00000, 0x00000000c3f00000, 0x00000000c4000000|  0%| F|  |TAMS 0x00000000c3f00000| PB 0x00000000c3f00000| Untracked |  0
|  24|0x00000000c4000000, 0x00000000c4000000, 0x00000000c4100000|  0%| F|  |TAMS 0x00000000c4000000| PB 0x00000000c4000000| Untracked |  0
|  25|0x00000000c4100000, 0x00000000c4100000, 0x00000000c4200000|  0%| F|  |TAMS 0x00000000c4100000| PB 0x00000000c4100000| Untracked |  0
|  26|0x00000000c4200000, 0x00000000c4300000, 0x00000000c4300000|100%| S|CS|TAMS 0x00000000c4200000| PB 0x00000000c4200000| Complete |  0
|  27|0x00000000c4300000, 0x00000000c4400000, 0x00000000c4400000|100%| S|CS|TAMS 0x00000000c4300000| PB 0x00000000c4300000| Complete |  0
|  28|0x00000000c4400000, 0x00000000c4500000, 0x00000000c4500000|100%| S|CS|TAMS 0x00000000c4400000| PB 0x00000000c4400000| Complete |  0
|  29|0x00000000c4500000, 0x00000000c4600000, 0x00000000c4600000|100%| S|CS|TAMS 0x00000000c4500000| PB 0x00000000c4500000| Complete |  0
|  30|0x00000000c4600000, 0x00000000c4600000, 0x00000000c4700000|  0%| F|  |TAMS 0x00000000c4600000| PB 0x00000000c4600000| Untracked |  0
|  31|0x00000000c4700000, 0x00000000c4700000, 0x00000000c4800000|  0%| F|  |TAMS 0x00000000c4700000| PB 0x00000000c4700000| Untracked |  0
|  32|0x00000000c4800000, 0x00000000c4800000, 0x00000000c4900000|  0%| F|  |TAMS 0x00000000c4800000| PB 0x00000000c4800000| Untracked |  0
|  33|0x00000000c4900000, 0x00000000c4900000, 0x00000000c4a00000|  0%| F|  |TAMS 0x00000000c4900000| PB 0x00000000c4900000| Untracked |  0
|  34|0x00000000c4a00000, 0x00000000c4a00000, 0x00000000c4b00000|  0%| F|  |TAMS 0x00000000c4a00000| PB 0x00000000c4a00000| Untracked |  0
|  35|0x00000000c4b00000, 0x00000000c4b00000, 0x00000000c4c00000|  0%| F|  |TAMS 0x00000000c4b00000| PB 0x00000000c4b00000| Untracked |  0
|  36|0x00000000c4c00000, 0x00000000c4c00000, 0x00000000c4d00000|  0%| F|  |TAMS 0x00000000c4c00000| PB 0x00000000c4c00000| Untracked |  0
|  37|0x00000000c4d00000, 0x00000000c4d00000, 0x00000000c4e00000|  0%| F|  |TAMS 0x00000000c4d00000| PB 0x00000000c4d00000| Untracked |  0
|  38|0x00000000c4e00000, 0x00000000c4e00000, 0x00000000c4f00000|  0%| F|  |TAMS 0x00000000c4e00000| PB 0x00000000c4e00000| Untracked |  0
|  39|0x00000000c4f00000, 0x00000000c4f00000, 0x00000000c5000000|  0%| F|  |TAMS 0x00000000c4f00000| PB 0x00000000c4f00000| Untracked |  0
|  40|0x00000000c5000000, 0x00000000c5000000, 0x00000000c5100000|  0%| F|  |TAMS 0x00000000c5000000| PB 0x00000000c5000000| Untracked |  0
|  41|0x00000000c5100000, 0x00000000c5100000, 0x00000000c5200000|  0%| F|  |TAMS 0x00000000c5100000| PB 0x00000000c5100000| Untracked |  0
|  42|0x00000000c5200000, 0x00000000c5200000, 0x00000000c5300000|  0%| F|  |TAMS 0x00000000c5200000| PB 0x00000000c5200000| Untracked |  0
|  43|0x00000000c5300000, 0x00000000c5300000, 0x00000000c5400000|  0%| F|  |TAMS 0x00000000c5300000| PB 0x00000000c5300000| Untracked |  0
|  44|0x00000000c5400000, 0x00000000c5400000, 0x00000000c5500000|  0%| F|  |TAMS 0x00000000c5400000| PB 0x00000000c5400000| Untracked |  0
|  45|0x00000000c5500000, 0x00000000c5500000, 0x00000000c5600000|  0%| F|  |TAMS 0x00000000c5500000| PB 0x00000000c5500000| Untracked |  0
|  46|0x00000000c5600000, 0x00000000c5600000, 0x00000000c5700000|  0%| F|  |TAMS 0x00000000c5600000| PB 0x00000000c5600000| Untracked |  0
|  47|0x00000000c5700000, 0x00000000c5700000, 0x00000000c5800000|  0%| F|  |TAMS 0x00000000c5700000| PB 0x00000000c5700000| Untracked |  0
|  48|0x00000000c5800000, 0x00000000c5800000, 0x00000000c5900000|  0%| F|  |TAMS 0x00000000c5800000| PB 0x00000000c5800000| Untracked |  0
|  49|0x00000000c5900000, 0x00000000c5900000, 0x00000000c5a00000|  0%| F|  |TAMS 0x00000000c5900000| PB 0x00000000c5900000| Untracked |  0
|  50|0x00000000c5a00000, 0x00000000c5a00000, 0x00000000c5b00000|  0%| F|  |TAMS 0x00000000c5a00000| PB 0x00000000c5a00000| Untracked |  0
|  51|0x00000000c5b00000, 0x00000000c5b00000, 0x00000000c5c00000|  0%| F|  |TAMS 0x00000000c5b00000| PB 0x00000000c5b00000| Untracked |  0
|  52|0x00000000c5c00000, 0x00000000c5ce92f8, 0x00000000c5d00000| 91%| E|  |TAMS 0x00000000c5c00000| PB 0x00000000c5c00000| Complete |  0
|  53|0x00000000c5d00000, 0x00000000c5e00000, 0x00000000c5e00000|100%| E|CS|TAMS 0x00000000c5d00000| PB 0x00000000c5d00000| Complete |  0
|  54|0x00000000c5e00000, 0x00000000c5f00000, 0x00000000c5f00000|100%| E|CS|TAMS 0x00000000c5e00000| PB 0x00000000c5e00000| Complete |  0
|  55|0x00000000c5f00000, 0x00000000c6000000, 0x00000000c6000000|100%| E|CS|TAMS 0x00000000c5f00000| PB 0x00000000c5f00000| Complete |  0
|  56|0x00000000c6000000, 0x00000000c6100000, 0x00000000c6100000|100%| E|CS|TAMS 0x00000000c6000000| PB 0x00000000c6000000| Complete |  0

Card table byte_map: [0x0000016d3eeb0000,0x0000016d3f0a0000] _byte_map_base: 0x0000016d3e89c000

Marking Bits: (CMBitMap*) 0x0000016d25ba8610
 Bits: [0x0000016d3f0a0000, 0x0000016d40000000)

Polling page: 0x0000016d25a00000

Metaspace:

Usage:
  Non-class:     21.97 MB used.
      Class:      2.94 MB used.
       Both:     24.91 MB used.

Virtual space:
  Non-class space:       64.00 MB reserved,      22.19 MB ( 35%) committed,  1 nodes.
      Class space:        1.00 GB reserved,       3.06 MB ( <1%) committed,  1 nodes.
             Both:        1.06 GB reserved,      25.25 MB (  2%) committed. 

Chunk freelists:
   Non-Class:  9.36 MB
       Class:  12.88 MB
        Both:  22.24 MB

MaxMetaspaceSize: unlimited
CompressedClassSpaceSize: 1.00 GB
Initial GC threshold: 21.00 MB
Current GC threshold: 35.12 MB
CDS: on
 - commit_granule_bytes: 65536.
 - commit_granule_words: 8192.
 - virtual_space_node_default_size: 8388608.
 - enlarge_chunks_in_place: 1.
 - use_allocation_guard: 0.


Internal statistics:

num_allocs_failed_limit: 3.
num_arena_births: 222.
num_arena_deaths: 0.
num_vsnodes_births: 2.
num_vsnodes_deaths: 0.
num_space_committed: 404.
num_space_uncommitted: 0.
num_chunks_returned_to_freelist: 3.
num_chunks_taken_from_freelist: 1094.
num_chunk_merges: 3.
num_chunk_splits: 796.
num_chunks_enlarged: 648.
num_inconsistent_stats: 0.

CodeHeap 'non-profiled nmethods': size=120000Kb used=2076Kb max_used=2076Kb free=117923Kb
 bounds [0x0000016d37170000, 0x0000016d373e0000, 0x0000016d3e6a0000]
CodeHeap 'profiled nmethods': size=120000Kb used=10451Kb max_used=10451Kb free=109549Kb
 bounds [0x0000016d2f6a0000, 0x0000016d300e0000, 0x0000016d36bd0000]
CodeHeap 'non-nmethods': size=5760Kb used=1460Kb max_used=1493Kb free=4299Kb
 bounds [0x0000016d36bd0000, 0x0000016d36e40000, 0x0000016d37170000]
 total_blobs=5537 nmethods=5001 adapters=441
 compilation: enabled
              stopped_count=0, restarted_count=0
 full_count=0

Compilation events (20 events):
Event: 22.311 Thread 0x0000016d4258d6d0 4914       3       sun.nio.ch.NativeThreadSet::<init> (17 bytes)
Event: 22.311 Thread 0x0000016d4258d6d0 nmethod 4914 0x0000016d300a3290 code [0x0000016d300a3440, 0x0000016d300a36a8]
Event: 22.340 Thread 0x0000016d4258d6d0 4915       3       java.util.Collections::eq (22 bytes)
Event: 22.341 Thread 0x0000016d4258d6d0 nmethod 4915 0x0000016d300a3790 code [0x0000016d300a3940, 0x0000016d300a3b90]
Event: 22.350 Thread 0x0000016d4258d6d0 4916       3       sun.nio.ch.Util::getTemporaryDirectBuffer (55 bytes)
Event: 22.351 Thread 0x0000016d4258d6d0 nmethod 4916 0x0000016d300a3c90 code [0x0000016d300a3f00, 0x0000016d300a4a28]
Event: 22.352 Thread 0x0000016d4258d6d0 4917       3       sun.nio.ch.Util$BufferCache::get (164 bytes)
Event: 22.353 Thread 0x0000016d4258d6d0 nmethod 4917 0x0000016d300a4d90 code [0x0000016d300a4fc0, 0x0000016d300a5960]
Event: 22.353 Thread 0x0000016d4258d6d0 4918   !   3       sun.nio.ch.IOUtil::releaseScope (23 bytes)
Event: 22.354 Thread 0x0000016d4258d6d0 nmethod 4918 0x0000016d300a5c90 code [0x0000016d300a5ea0, 0x0000016d300a64e0]
Event: 22.360 Thread 0x0000016d4258d6d0 4919       3       sun.nio.ch.IOUtil::read (14 bytes)
Event: 22.361 Thread 0x0000016d4258d6d0 nmethod 4919 0x0000016d300a6810 code [0x0000016d300a69c0, 0x0000016d300a6ae8]
Event: 22.361 Thread 0x0000016d4258d6d0 4920   !   3       sun.nio.ch.IOUtil::read (133 bytes)
Event: 22.362 Thread 0x0000016d4258d6d0 nmethod 4920 0x0000016d300a6b90 code [0x0000016d300a6e00, 0x0000016d300a7710]
Event: 22.363 Thread 0x0000016d4258d6d0 4921   !   3       sun.nio.ch.IOUtil::readIntoNativeBuffer (169 bytes)
Event: 22.365 Thread 0x0000016d4258d6d0 nmethod 4921 0x0000016d300a7b10 code [0x0000016d300a7e60, 0x0000016d300a9240]
Event: 22.366 Thread 0x0000016d4258d6d0 4922       3       java.lang.System$2::defineClass (21 bytes)
Event: 22.366 Thread 0x0000016d4258d6d0 nmethod 4922 0x0000016d300a9b90 code [0x0000016d300a9d40, 0x0000016d300a9eb8]
Event: 22.368 Thread 0x0000016d4258d6d0 4924       2       jdk.nio.zipfs.ZipFileSystem::getInode (36 bytes)
Event: 22.369 Thread 0x0000016d4258d6d0 nmethod 4924 0x0000016d300a9f90 code [0x0000016d300aa180, 0x0000016d300aa4b8]

GC Heap History (12 events):
Event: 2.811 GC heap before
{Heap before GC invocations=0 (full 0):
 garbage-first heap   total reserved 1007616K, committed 63488K, used 13312K [0x00000000c2800000, 0x0000000100000000)
  region size 1024K, 14 young (14336K), 0 survivors (0K)
 Metaspace       used 4049K, committed 4224K, reserved 1114112K
  class space    used 429K, committed 512K, reserved 1048576K
}
Event: 2.832 GC heap after
{Heap after GC invocations=1 (full 0):
 garbage-first heap   total reserved 1007616K, committed 63488K, used 3296K [0x00000000c2800000, 0x0000000100000000)
  region size 1024K, 2 young (2048K), 2 survivors (2048K)
 Metaspace       used 4049K, committed 4224K, reserved 1114112K
  class space    used 429K, committed 512K, reserved 1048576K
}
Event: 5.375 GC heap before
{Heap before GC invocations=1 (full 0):
 garbage-first heap   total reserved 1007616K, committed 63488K, used 20704K [0x00000000c2800000, 0x0000000100000000)
  region size 1024K, 19 young (19456K), 2 survivors (2048K)
 Metaspace       used 6407K, committed 6592K, reserved 1114112K
  class space    used 757K, committed 832K, reserved 1048576K
}
Event: 5.389 GC heap after
{Heap after GC invocations=2 (full 0):
 garbage-first heap   total reserved 1007616K, committed 63488K, used 4154K [0x00000000c2800000, 0x0000000100000000)
  region size 1024K, 1 young (1024K), 1 survivors (1024K)
 Metaspace       used 6407K, committed 6592K, reserved 1114112K
  class space    used 757K, committed 832K, reserved 1048576K
}
Event: 10.218 GC heap before
{Heap before GC invocations=2 (full 0):
 garbage-first heap   total reserved 1007616K, committed 63488K, used 41018K [0x00000000c2800000, 0x0000000100000000)
  region size 1024K, 37 young (37888K), 1 survivors (1024K)
 Metaspace       used 12336K, committed 12480K, reserved 1114112K
  class space    used 1530K, committed 1600K, reserved 1048576K
}
Event: 10.239 GC heap after
{Heap after GC invocations=3 (full 0):
 garbage-first heap   total reserved 1007616K, committed 63488K, used 6752K [0x00000000c2800000, 0x0000000100000000)
  region size 1024K, 4 young (4096K), 4 survivors (4096K)
 Metaspace       used 12336K, committed 12480K, reserved 1114112K
  class space    used 1530K, committed 1600K, reserved 1048576K
}
Event: 15.154 GC heap before
{Heap before GC invocations=3 (full 0):
 garbage-first heap   total reserved 1007616K, committed 63488K, used 40544K [0x00000000c2800000, 0x0000000100000000)
  region size 1024K, 37 young (37888K), 4 survivors (4096K)
 Metaspace       used 15643K, committed 15872K, reserved 1114112K
  class space    used 1885K, committed 1984K, reserved 1048576K
}
Event: 15.186 GC heap after
{Heap after GC invocations=4 (full 0):
 garbage-first heap   total reserved 1007616K, committed 63488K, used 9439K [0x00000000c2800000, 0x0000000100000000)
  region size 1024K, 3 young (3072K), 3 survivors (3072K)
 Metaspace       used 15643K, committed 15872K, reserved 1114112K
  class space    used 1885K, committed 1984K, reserved 1048576K
}
Event: 18.356 GC heap before
{Heap before GC invocations=4 (full 0):
 garbage-first heap   total reserved 1007616K, committed 63488K, used 49375K [0x00000000c2800000, 0x0000000100000000)
  region size 1024K, 37 young (37888K), 3 survivors (3072K)
 Metaspace       used 19386K, committed 19648K, reserved 1114112K
  class space    used 2312K, committed 2432K, reserved 1048576K
}
Event: 18.378 GC heap after
{Heap after GC invocations=5 (full 0):
 garbage-first heap   total reserved 1007616K, committed 63488K, used 15555K [0x00000000c2800000, 0x0000000100000000)
  region size 1024K, 3 young (3072K), 3 survivors (3072K)
 Metaspace       used 19386K, committed 19648K, reserved 1114112K
  class space    used 2312K, committed 2432K, reserved 1048576K
}
Event: 18.965 GC heap before
{Heap before GC invocations=5 (full 0):
 garbage-first heap   total reserved 1007616K, committed 63488K, used 20675K [0x00000000c2800000, 0x0000000100000000)
  region size 1024K, 9 young (9216K), 3 survivors (3072K)
 Metaspace       used 21274K, committed 21504K, reserved 1114112K
  class space    used 2586K, committed 2688K, reserved 1048576K
}
Event: 18.988 GC heap after
{Heap after GC invocations=6 (full 0):
 garbage-first heap   total reserved 1007616K, committed 63488K, used 17408K [0x00000000c2800000, 0x0000000100000000)
  region size 1024K, 5 young (5120K), 5 survivors (5120K)
 Metaspace       used 21274K, committed 21504K, reserved 1114112K
  class space    used 2586K, committed 2688K, reserved 1048576K
}

Dll operation events (8 events):
Event: 0.036 Loaded shared library E:\Users\gabri\Downloads\jdk-22\bin\java.dll
Event: 0.148 Loaded shared library E:\Users\gabri\Downloads\jdk-22\bin\jsvml.dll
Event: 0.261 Loaded shared library E:\Users\gabri\Downloads\jdk-22\bin\net.dll
Event: 0.268 Loaded shared library E:\Users\gabri\Downloads\jdk-22\bin\nio.dll
Event: 0.282 Loaded shared library E:\Users\gabri\Downloads\jdk-22\bin\zip.dll
Event: 0.850 Loaded shared library C:\Program Files\NetBeans-23\netbeans\java\maven\lib\jansi-native\Windows\x86_64\jansi.dll
Event: 0.901 Loaded shared library E:\Users\gabri\Downloads\jdk-22\bin\verify.dll
Event: 0.928 Loaded shared library E:\Users\gabri\Downloads\jdk-22\bin\jimage.dll

Deoptimization events (20 events):
Event: 22.362 Thread 0x0000016d25a6b0e0 Uncommon trap: trap_request=0xffffffc6 fr.pc=0x0000016d372adde0 relative=0x00000000000005c0
Event: 22.362 Thread 0x0000016d25a6b0e0 Uncommon trap: reason=bimorphic_or_optimized_type_check action=maybe_recompile pc=0x0000016d372adde0 method=java.util.regex.Pattern$BmpCharPropertyGreedy.match(Ljava/util/regex/Matcher;ILjava/lang/CharSequence;)Z @ 26 c2
Event: 22.362 Thread 0x0000016d25a6b0e0 DEOPT PACKING pc=0x0000016d372adde0 sp=0x00000044e82fc930
Event: 22.362 Thread 0x0000016d25a6b0e0 DEOPT UNPACKING pc=0x0000016d36c2469c sp=0x00000044e82fc8c8 mode 2
Event: 22.366 Thread 0x0000016d25a6b0e0 Uncommon trap: trap_request=0xffffffde fr.pc=0x0000016d37374d40 relative=0x00000000000004a0
Event: 22.366 Thread 0x0000016d25a6b0e0 Uncommon trap: reason=class_check action=maybe_recompile pc=0x0000016d37374d40 method=jdk.nio.zipfs.ZipFileSystem.getInode([B)Ljdk/nio/zipfs/ZipFileSystem$IndexNode; @ 9 c2
Event: 22.366 Thread 0x0000016d25a6b0e0 DEOPT PACKING pc=0x0000016d37374d40 sp=0x00000044e82fc840
Event: 22.366 Thread 0x0000016d25a6b0e0 DEOPT UNPACKING pc=0x0000016d36c2469c sp=0x00000044e82fc800 mode 2
Event: 22.366 Thread 0x0000016d25a6b0e0 Uncommon trap: trap_request=0xffffffde fr.pc=0x0000016d37374d40 relative=0x00000000000004a0
Event: 22.366 Thread 0x0000016d25a6b0e0 Uncommon trap: reason=class_check action=maybe_recompile pc=0x0000016d37374d40 method=jdk.nio.zipfs.ZipFileSystem.getInode([B)Ljdk/nio/zipfs/ZipFileSystem$IndexNode; @ 9 c2
Event: 22.366 Thread 0x0000016d25a6b0e0 DEOPT PACKING pc=0x0000016d37374d40 sp=0x00000044e82fc990
Event: 22.366 Thread 0x0000016d25a6b0e0 DEOPT UNPACKING pc=0x0000016d36c2469c sp=0x00000044e82fc950 mode 2
Event: 22.366 Thread 0x0000016d25a6b0e0 Uncommon trap: trap_request=0xffffffde fr.pc=0x0000016d37374d40 relative=0x00000000000004a0
Event: 22.366 Thread 0x0000016d25a6b0e0 Uncommon trap: reason=class_check action=maybe_recompile pc=0x0000016d37374d40 method=jdk.nio.zipfs.ZipFileSystem.getInode([B)Ljdk/nio/zipfs/ZipFileSystem$IndexNode; @ 9 c2
Event: 22.366 Thread 0x0000016d25a6b0e0 DEOPT PACKING pc=0x0000016d37374d40 sp=0x00000044e82fc970
Event: 22.366 Thread 0x0000016d25a6b0e0 DEOPT UNPACKING pc=0x0000016d36c2469c sp=0x00000044e82fc930 mode 2
Event: 22.366 Thread 0x0000016d25a6b0e0 Uncommon trap: trap_request=0xffffffde fr.pc=0x0000016d37374d40 relative=0x00000000000004a0
Event: 22.366 Thread 0x0000016d25a6b0e0 Uncommon trap: reason=class_check action=maybe_recompile pc=0x0000016d37374d40 method=jdk.nio.zipfs.ZipFileSystem.getInode([B)Ljdk/nio/zipfs/ZipFileSystem$IndexNode; @ 9 c2
Event: 22.366 Thread 0x0000016d25a6b0e0 DEOPT PACKING pc=0x0000016d37374d40 sp=0x00000044e82fc810
Event: 22.366 Thread 0x0000016d25a6b0e0 DEOPT UNPACKING pc=0x0000016d36c2469c sp=0x00000044e82fc7d0 mode 2

Classes loaded (20 events):
Event: 19.791 Loading class java/util/ImmutableCollections$Access$1
Event: 19.802 Loading class jdk/internal/access/JavaUtilCollectionAccess
Event: 19.812 Loading class jdk/internal/access/JavaUtilCollectionAccess done
Event: 19.812 Loading class java/util/ImmutableCollections$Access$1 done
Event: 19.938 Loading class java/util/BitSet
Event: 19.942 Loading class java/util/BitSet done
Event: 20.631 Loading class java/util/regex/Pattern$Bound
Event: 20.631 Loading class java/util/regex/Pattern$Bound done
Event: 21.548 Loading class java/util/RegularEnumSet$EnumSetIterator
Event: 21.548 Loading class java/util/RegularEnumSet$EnumSetIterator done
Event: 21.560 Loading class java/nio/file/FileVisitor
Event: 21.560 Loading class java/nio/file/FileVisitor done
Event: 21.586 Loading class java/nio/file/SimpleFileVisitor
Event: 21.586 Loading class java/nio/file/SimpleFileVisitor done
Event: 21.586 Loading class java/nio/file/Files$3
Event: 21.587 Loading class java/nio/file/Files$3 done
Event: 21.587 Loading class java/nio/file/FileVisitResult
Event: 21.587 Loading class java/nio/file/FileVisitResult done
Event: 21.588 Loading class sun/nio/fs/BasicFileAttributesHolder
Event: 21.588 Loading class sun/nio/fs/BasicFileAttributesHolder done

Classes unloaded (0 events):
No events

Classes redefined (0 events):
No events

Internal exceptions (20 events):
Event: 12.150 Thread 0x0000016d25a6b0e0 Exception <a 'java/lang/NoSuchMethodError'{0x00000000c5cb9198}: 'void java.lang.invoke.DirectMethodHandle$Holder.invokeSpecial(java.lang.Object, java.lang.Object, java.lang.Object, int)'> (0x00000000c5cb9198) 
thrown [s\open\src\hotspot\share\interpreter\linkResolver.cpp, line 774]
Event: 12.152 Thread 0x0000016d25a6b0e0 Exception <a 'java/lang/NoSuchMethodError'{0x00000000c5cbc868}: 'void java.lang.invoke.DelegatingMethodHandle$Holder.reinvoke_L(java.lang.Object, java.lang.Object, int)'> (0x00000000c5cbc868) 
thrown [s\open\src\hotspot\share\interpreter\linkResolver.cpp, line 774]
Event: 13.027 Thread 0x0000016d25a6b0e0 Implicit null exception at 0x0000016d37217a98 to 0x0000016d37217c88
Event: 13.036 Thread 0x0000016d25a6b0e0 Implicit null exception at 0x0000016d3721ad18 to 0x0000016d3721aef4
Event: 15.041 Thread 0x0000016d25a6b0e0 Exception <a 'java/lang/NoSuchMethodError'{0x00000000c46e1cc0}: 'java.lang.Object java.lang.invoke.DirectMethodHandle$Holder.newInvokeSpecial(java.lang.Object, java.lang.Object, java.lang.Object, java.lang.Object, java.lang.Object, java.lang.Object, java.lang.Object)'> (0x00000000c46e1cc0) 
thrown [s\open\src\hotspot\share\interpreter\linkResolver.cpp, line 774]
Event: 15.793 Thread 0x0000016d25a6b0e0 Exception <a 'java/lang/NoSuchMethodError'{0x00000000c5c35428}: 'int java.lang.invoke.DirectMethodHandle$Holder.invokeVirtual(java.lang.Object, java.lang.Object)'> (0x00000000c5c35428) 
thrown [s\open\src\hotspot\share\interpreter\linkResolver.cpp, line 774]
Event: 15.922 Thread 0x0000016d25a6b0e0 Exception <a 'java/lang/NoSuchMethodError'{0x00000000c5bae3c0}: 'void java.lang.invoke.Invokers$Holder.invokeExact_MT(java.lang.Object, java.lang.Object, int, java.lang.Object)'> (0x00000000c5bae3c0) 
thrown [s\open\src\hotspot\share\interpreter\linkResolver.cpp, line 774]
Event: 17.311 Thread 0x0000016d25a6b0e0 Exception <a 'java/lang/IncompatibleClassChangeError'{0x00000000c4df2f28}: Found class java.lang.Object, but interface was expected> (0x00000000c4df2f28) 
thrown [s\open\src\hotspot\share\interpreter\linkResolver.cpp, line 841]
Event: 17.317 Thread 0x0000016d25a6b0e0 Exception <a 'java/lang/NoSuchMethodError'{0x00000000c4df8098}: 'void java.lang.invoke.DirectMethodHandle$Holder.invokeInterface(java.lang.Object, java.lang.Object, java.lang.Object)'> (0x00000000c4df8098) 
thrown [s\open\src\hotspot\share\interpreter\linkResolver.cpp, line 774]
Event: 17.756 Thread 0x0000016d25a6b0e0 Exception <a 'java/lang/NoSuchMethodError'{0x00000000c4b9dd98}: 'int java.lang.invoke.DirectMethodHandle$Holder.invokeInterface(java.lang.Object, java.lang.Object)'> (0x00000000c4b9dd98) 
thrown [s\open\src\hotspot\share\interpreter\linkResolver.cpp, line 774]
Event: 17.923 Thread 0x0000016d25a6b0e0 Exception <a 'java/lang/NoSuchMethodError'{0x00000000c48650c0}: 'int java.lang.invoke.DirectMethodHandle$Holder.invokeVirtual(java.lang.Object, java.lang.Object, java.lang.Object)'> (0x00000000c48650c0) 
thrown [s\open\src\hotspot\share\interpreter\linkResolver.cpp, line 774]
Event: 17.931 Thread 0x0000016d25a6b0e0 Exception <a 'java/lang/NoSuchMethodError'{0x00000000c4871e28}: 'int java.lang.invoke.DirectMethodHandle$Holder.invokeStaticInit(java.lang.Object, java.lang.Object, java.lang.Object)'> (0x00000000c4871e28) 
thrown [s\open\src\hotspot\share\interpreter\linkResolver.cpp, line 774]
Event: 18.569 Thread 0x0000016d25a6b0e0 Exception <a 'sun/nio/fs/WindowsException'{0x00000000c61b6510}> (0x00000000c61b6510) 
thrown [s\open\src\hotspot\share\prims\jni.cpp, line 520]
Event: 19.519 Thread 0x0000016d25a6b0e0 Exception <a 'java/lang/NoSuchMethodError'{0x00000000c60ecfe0}: 'java.lang.Object java.lang.invoke.DirectMethodHandle$Holder.newInvokeSpecial(java.lang.Object, java.lang.Object, java.lang.Object, java.lang.Object, java.lang.Object, java.lang.Object)'> (0x00000000c60ecfe0) 
thrown [s\open\src\hotspot\share\interpreter\linkResolver.cpp, line 774]
Event: 19.603 Thread 0x0000016d25a6b0e0 Exception <a 'sun/nio/fs/WindowsException'{0x00000000c5a47468}> (0x00000000c5a47468) 
thrown [s\open\src\hotspot\share\prims\jni.cpp, line 520]
Event: 20.628 Thread 0x0000016d25a6b0e0 Exception <a 'sun/nio/fs/WindowsException'{0x00000000c5179c00}> (0x00000000c5179c00) 
thrown [s\open\src\hotspot\share\prims\jni.cpp, line 520]
Event: 20.629 Thread 0x0000016d25a6b0e0 Exception <a 'sun/nio/fs/WindowsException'{0x00000000c517aa28}> (0x00000000c517aa28) 
thrown [s\open\src\hotspot\share\prims\jni.cpp, line 520]
Event: 20.630 Thread 0x0000016d25a6b0e0 Exception <a 'sun/nio/fs/WindowsException'{0x00000000c517b910}> (0x00000000c517b910) 
thrown [s\open\src\hotspot\share\prims\jni.cpp, line 520]
Event: 21.059 Thread 0x0000016d25a6b0e0 Exception <a 'java/lang/NoSuchMethodError'{0x00000000c51c5fa0}: 'java.lang.Object java.lang.invoke.DirectMethodHandle$Holder.invokeSpecial(java.lang.Object, java.lang.Object, java.lang.Object, int, int)'> (0x00000000c51c5fa0) 
thrown [s\open\src\hotspot\share\interpreter\linkResolver.cpp, line 774]
Event: 21.061 Thread 0x0000016d25a6b0e0 Exception <a 'java/lang/NoSuchMethodError'{0x00000000c51cc4b0}: 'java.lang.Object java.lang.invoke.DirectMethodHandle$Holder.invokeVirtual(java.lang.Object, java.lang.Object, int)'> (0x00000000c51cc4b0) 
thrown [s\open\src\hotspot\share\interpreter\linkResolver.cpp, line 774]

ZGC Phase Switch (0 events):
No events

VM Operations (20 events):
Event: 17.952 Executing VM operation: Cleanup
Event: 17.952 Executing VM operation: Cleanup done
Event: 17.992 Executing VM operation: HandshakeAllThreads (Deoptimize)
Event: 17.992 Executing VM operation: HandshakeAllThreads (Deoptimize) done
Event: 17.995 Executing VM operation: HandshakeAllThreads (Deoptimize)
Event: 17.995 Executing VM operation: HandshakeAllThreads (Deoptimize) done
Event: 18.356 Executing VM operation: G1CollectForAllocation (G1 Evacuation Pause)
Event: 18.379 Executing VM operation: G1CollectForAllocation (G1 Evacuation Pause) done
Event: 18.965 Executing VM operation: CollectForMetadataAllocation (Metadata GC Threshold)
Event: 18.988 Executing VM operation: CollectForMetadataAllocation (Metadata GC Threshold) done
Event: 19.052 Executing VM operation: G1PauseRemark
Event: 19.062 Executing VM operation: G1PauseRemark done
Event: 19.080 Executing VM operation: G1PauseCleanup
Event: 19.080 Executing VM operation: G1PauseCleanup done
Event: 20.092 Executing VM operation: Cleanup
Event: 20.092 Executing VM operation: Cleanup done
Event: 21.098 Executing VM operation: Cleanup
Event: 21.131 Executing VM operation: Cleanup done
Event: 22.144 Executing VM operation: Cleanup
Event: 22.145 Executing VM operation: Cleanup done

Events (13 events):
Event: 0.094 Thread 0x0000016d25a6b0e0 Thread added: 0x0000016d25a6b0e0
Event: 0.142 Thread 0x0000016d4257c000 Thread added: 0x0000016d4257c000
Event: 0.142 Thread 0x0000016d4257d5c0 Thread added: 0x0000016d4257d5c0
Event: 0.143 Thread 0x0000016d4257f0a0 Thread added: 0x0000016d4257f0a0
Event: 0.144 Thread 0x0000016d42582ea0 Thread added: 0x0000016d42582ea0
Event: 0.144 Thread 0x0000016d425840a0 Thread added: 0x0000016d425840a0
Event: 0.144 Thread 0x0000016d425887a0 Thread added: 0x0000016d425887a0
Event: 0.145 Thread 0x0000016d4258c480 Thread added: 0x0000016d4258c480
Event: 0.145 Thread 0x0000016d4258d6d0 Thread added: 0x0000016d4258d6d0
Event: 0.240 Thread 0x0000016d427e1ca0 Thread added: 0x0000016d427e1ca0
Event: 0.250 Thread 0x0000016d427e87a0 Thread added: 0x0000016d427e87a0
Event: 0.840 Thread 0x0000016d42a9e8e0 Thread added: 0x0000016d42a9e8e0
Event: 1.127 Thread 0x0000016d42a9e8e0 Thread exited: 0x0000016d42a9e8e0


Dynamic libraries:
0x00007ff62ae90000 - 0x00007ff62aea0000 	E:\Users\gabri\Downloads\jdk-22\bin\java.exe
0x00007ffb26af0000 - 0x00007ffb26ce8000 	C:\Windows\SYSTEM32\ntdll.dll
0x00007ffb25570000 - 0x00007ffb2562d000 	C:\Windows\System32\KERNEL32.DLL
0x00007ffb241f0000 - 0x00007ffb244e6000 	C:\Windows\System32\KERNELBASE.dll
0x00007ffb24850000 - 0x00007ffb24950000 	C:\Windows\System32\ucrtbase.dll
0x00007ffb1e350000 - 0x00007ffb1e36b000 	E:\Users\gabri\Downloads\jdk-22\bin\VCRUNTIME140.dll
0x00007ffb208a0000 - 0x00007ffb208b7000 	E:\Users\gabri\Downloads\jdk-22\bin\jli.dll
0x00007ffb26720000 - 0x00007ffb267d3000 	C:\Windows\System32\ADVAPI32.dll
0x00007ffb25390000 - 0x00007ffb2542e000 	C:\Windows\System32\msvcrt.dll
0x00007ffb24b70000 - 0x00007ffb24c0f000 	C:\Windows\System32\sechost.dll
0x00007ffb26540000 - 0x00007ffb26666000 	C:\Windows\System32\RPCRT4.dll
0x00007ffb24700000 - 0x00007ffb24727000 	C:\Windows\System32\bcrypt.dll
0x00007ffb26950000 - 0x00007ffb26aee000 	C:\Windows\System32\USER32.dll
0x00007ffb24950000 - 0x00007ffb24972000 	C:\Windows\System32\win32u.dll
0x00007ffb24c10000 - 0x00007ffb24c3b000 	C:\Windows\System32\GDI32.dll
0x00007ffb24730000 - 0x00007ffb24847000 	C:\Windows\System32\gdi32full.dll
0x00007ffb245a0000 - 0x00007ffb2463d000 	C:\Windows\System32\msvcp_win.dll
0x00007ffb157b0000 - 0x00007ffb15a4a000 	C:\Windows\WinSxS\amd64_microsoft.windows.common-controls_6595b64144ccf1df_6.0.19041.3636_none_60b6a03d71f818d5\COMCTL32.dll
0x00007ffb14a10000 - 0x00007ffb14a1a000 	C:\Windows\SYSTEM32\VERSION.dll
0x00007ffb268b0000 - 0x00007ffb268e2000 	C:\Windows\System32\IMM32.DLL
0x00007ffb20830000 - 0x00007ffb2083c000 	E:\Users\gabri\Downloads\jdk-22\bin\vcruntime140_1.dll
0x00007ffb15b90000 - 0x00007ffb15c1e000 	E:\Users\gabri\Downloads\jdk-22\bin\msvcp140.dll
0x00007ffaf9570000 - 0x00007ffafa2b8000 	E:\Users\gabri\Downloads\jdk-22\bin\server\jvm.dll
0x00007ffb257b0000 - 0x00007ffb2581b000 	C:\Windows\System32\WS2_32.dll
0x00007ffb24050000 - 0x00007ffb2409b000 	C:\Windows\SYSTEM32\POWRPROF.dll
0x00007ffb0f0c0000 - 0x00007ffb0f0e7000 	C:\Windows\SYSTEM32\WINMM.dll
0x00007ffb24030000 - 0x00007ffb24042000 	C:\Windows\SYSTEM32\UMPDC.dll
0x00007ffb22230000 - 0x00007ffb22242000 	C:\Windows\SYSTEM32\kernel.appcore.dll
0x00007ffb1e320000 - 0x00007ffb1e32a000 	E:\Users\gabri\Downloads\jdk-22\bin\jimage.dll
0x00007ffb198c0000 - 0x00007ffb19aa4000 	C:\Windows\SYSTEM32\DBGHELP.DLL
0x00007ffb19880000 - 0x00007ffb198b4000 	C:\Windows\SYSTEM32\dbgcore.DLL
0x00007ffb24ae0000 - 0x00007ffb24b62000 	C:\Windows\System32\bcryptPrimitives.dll
0x00007ffb1d290000 - 0x00007ffb1d2ae000 	E:\Users\gabri\Downloads\jdk-22\bin\java.dll
0x00007ffb25820000 - 0x00007ffb25f65000 	C:\Windows\System32\SHELL32.dll
0x00007ffb25430000 - 0x00007ffb2555b000 	C:\Windows\System32\ole32.dll
0x00007ffb26030000 - 0x00007ffb26384000 	C:\Windows\System32\combase.dll
0x00007ffb22430000 - 0x00007ffb22bcc000 	C:\Windows\SYSTEM32\windows.storage.dll
0x00007ffb23ac0000 - 0x00007ffb23aee000 	C:\Windows\SYSTEM32\Wldp.dll
0x00007ffb267e0000 - 0x00007ffb268ad000 	C:\Windows\System32\OLEAUT32.dll
0x00007ffb26670000 - 0x00007ffb2671d000 	C:\Windows\System32\SHCORE.dll
0x00007ffb268f0000 - 0x00007ffb26945000 	C:\Windows\System32\shlwapi.dll
0x00007ffb24120000 - 0x00007ffb24145000 	C:\Windows\SYSTEM32\profapi.dll
0x00007ffb15dd0000 - 0x00007ffb15ea7000 	E:\Users\gabri\Downloads\jdk-22\bin\jsvml.dll
0x00007ffb1da00000 - 0x00007ffb1da10000 	E:\Users\gabri\Downloads\jdk-22\bin\net.dll
0x00007ffb23820000 - 0x00007ffb2388a000 	C:\Windows\system32\mswsock.dll
0x00007ffb160f0000 - 0x00007ffb16106000 	E:\Users\gabri\Downloads\jdk-22\bin\nio.dll
0x00007ffb15db0000 - 0x00007ffb15dc7000 	E:\Users\gabri\Downloads\jdk-22\bin\zip.dll
0x00007ffb1da20000 - 0x00007ffb1da44000 	C:\Program Files\NetBeans-23\netbeans\java\maven\lib\jansi-native\Windows\x86_64\jansi.dll
0x00007ffb18290000 - 0x00007ffb182a0000 	E:\Users\gabri\Downloads\jdk-22\bin\verify.dll

dbghelp: loaded successfully - version: 4.0.5 - missing functions: none
symbol engine: initialized successfully - sym options: 0x614 - pdb path: .;E:\Users\gabri\Downloads\jdk-22\bin;C:\Windows\SYSTEM32;C:\Windows\WinSxS\amd64_microsoft.windows.common-controls_6595b64144ccf1df_6.0.19041.3636_none_60b6a03d71f818d5;E:\Users\gabri\Downloads\jdk-22\bin\server;C:\Program Files\NetBeans-23\netbeans\java\maven\lib\jansi-native\Windows\x86_64

VM Arguments:
jvm_args: -Dclassworlds.conf=C:\Program Files\NetBeans-23\netbeans\java\maven\bin\m2.conf -Dmaven.home=C:\Program Files\NetBeans-23\netbeans\java\maven -Dlibrary.jansi.path=C:\Program Files\NetBeans-23\netbeans\java\maven\lib\jansi-native -Dmaven.multiModuleProjectDirectory=C:\Users\Jennifer Ebertz\Documents\NetBeansProjects\ProjetoLPOOE1_GabrielAnaelStrotkamp\ProjetoLPOOE1_GabrielAnaelStrotkamp\ProjetoAB_LPOO_2025_1 
java_command: org.codehaus.plexus.classworlds.launcher.Launcher -Dexec.vmArgs= -Dexec.args=${exec.vmArgs} -classpath %classpath ${exec.mainClass} ${exec.appArgs} -Dexec.executable=E:\Users\gabri\Downloads\jdk-22\bin\java.exe -Dexec.mainClass=br.edu.ifsul.lpoo.view.TelaInicialJF -Dexec.classpathScope=runtime -Dexec.appArgs= -Dmaven.ext.class.path=C:\Program Files\NetBeans-23\netbeans\java\maven-nblib\netbeans-eventspy.jar --no-transfer-progress process-classes org.codehaus.mojo:exec-maven-plugin:3.1.0:exec
java_class_path (initial): C:\Program Files\NetBeans-23\netbeans\java\maven\boot\plexus-classworlds-2.8.0.jar
Launcher Type: SUN_STANDARD

[Global flags]
     intx CICompilerCount                          = 3                                         {product} {ergonomic}
     uint ConcGCThreads                            = 1                                         {product} {ergonomic}
     uint G1ConcRefinementThreads                  = 4                                         {product} {ergonomic}
   size_t G1HeapRegionSize                         = 1048576                                   {product} {ergonomic}
   size_t InitialHeapSize                          = 65011712                                  {product} {ergonomic}
   size_t MarkStackSize                            = 4194304                                   {product} {ergonomic}
   size_t MaxHeapSize                              = 1031798784                                {product} {ergonomic}
   size_t MaxNewSize                               = 618659840                                 {product} {ergonomic}
   size_t MinHeapDeltaBytes                        = 1048576                                   {product} {ergonomic}
   size_t MinHeapSize                              = 8388608                                   {product} {ergonomic}
    uintx NonNMethodCodeHeapSize                   = 5832780                                {pd product} {ergonomic}
    uintx NonProfiledCodeHeapSize                  = 122912730                              {pd product} {ergonomic}
    uintx ProfiledCodeHeapSize                     = 122912730                              {pd product} {ergonomic}
    uintx ReservedCodeCacheSize                    = 251658240                              {pd product} {ergonomic}
     bool SegmentedCodeCache                       = true                                      {product} {ergonomic}
   size_t SoftMaxHeapSize                          = 1031798784                             {manageable} {ergonomic}
     bool UseCompressedOops                        = true                           {product lp64_product} {ergonomic}
     bool UseG1GC                                  = true                                      {product} {ergonomic}
     bool UseLargePagesIndividualAllocation        = false                                  {pd product} {ergonomic}

Logging:
Log output configuration:
 #0: stdout all=warning uptime,level,tags foldmultilines=false
 #1: stderr all=off uptime,level,tags foldmultilines=false

Environment Variables:
JAVA_HOME=E:\Users\gabri\Downloads\jdk-22
PATH=C:\Program Files (x86)\Common Files\Oracle\Java\java8path;C:\Program Files (x86)\Common Files\Oracle\Java\javapath;C:\Windows\system32;C:\Windows;C:\Windows\System32\Wbem;C:\Windows\System32\WindowsPowerShell\v1.0\;C:\Windows\System32\OpenSSH\;C:\Users\Jennifer Ebertz\AppData\Local\Programs\Eclipse Adoptium\jdk-21.0.4.7-hotspot\bin;C:\Users\Jennifer Ebertz\AppData\Local\Microsoft\WindowsApps;C:\Users\Jennifer Ebertz\AppData\Local\Programs\Microsoft VS Code\bin
USERNAME=Jennifer Ebertz
OS=Windows_NT
PROCESSOR_IDENTIFIER=Intel64 Family 6 Model 76 Stepping 3, GenuineIntel
TMP=C:\Users\Jennifer Ebertz\AppData\Local\Temp
TEMP=C:\Users\Jennifer Ebertz\AppData\Local\Temp




Periodic native trim disabled

---------------  S Y S T E M  ---------------

OS:
 Windows 10 , 64 bit Build 19041 (10.0.19041.3636)
OS uptime: 4 days 7:52 hours

CPU: total 4 (initial active 4) (4 cores per cpu, 1 threads per core) family 6 model 76 stepping 3 microcode 0x368, cx8, cmov, fxsr, mmx, 3dnowpref, sse, sse2, sse3, ssse3, sse4.1, sse4.2, popcnt, tsc, tscinvbit, aes, erms, clmul, clflush, rdtscp
Processor Information for all 4 processors :
  Max Mhz: 1601, Current Mhz: 1601, Mhz Limit: 1601

Memory: 4k page, system-wide physical 3930M (169M free)
TotalPageFile size 12122M (AvailPageFile size 5M)
current process WorkingSet (physical memory assigned to process): 169M, peak: 169M
current process commit charge ("private bytes"): 194M, peak: 196M

vm_info: Java HotSpot(TM) 64-Bit Server VM (22+36-2370) for windows-amd64 JRE (22+36-2370), built on 2024-02-15T22:15:19Z by "mach5one" with MS VC++ 17.6 (VS2022)

END.
