#
# There is insufficient memory for the Java Runtime Environment to continue.
# Native memory allocation (mmap) failed to map 65536 bytes. Error detail: Failed to commit metaspace.
# Possible reasons:
#   The system is out of physical RAM or swap space
#   This process is running with CompressedOops enabled, and the Java Heap may be blocking the growth of the native heap
# Possible solutions:
#   Reduce memory load on the system
#   Increase physical memory or swap space
#   Check if swap backing store is full
#   Decrease Java heap size (-Xmx/-Xms)
#   Decrease number of Java threads
#   Decrease Java thread stack sizes (-Xss)
#   Set larger code cache with -XX:ReservedCodeCacheSize=
#   JVM is running with Unscaled Compressed Oops mode in which the Java heap is
#     placed in the first 4GB address space. The Java Heap base address is the
#     maximum limit for the native heap growth. Please use -XX:HeapBaseMinAddress
#     to set the Java Heap base and to place the Java Heap above 4GB virtual address.
# This output file may be truncated or incomplete.
#
#  Out of Memory Error (virtualSpaceNode.cpp:112), pid=11880, tid=8736
#
# JRE version: Java(TM) SE Runtime Environment (22.0+36) (build 22+36-2370)
# Java VM: Java HotSpot(TM) 64-Bit Server VM (22+36-2370, mixed mode, tiered, compressed oops, compressed class ptrs, g1 gc, windows-amd64)
# No core dump will be written. Minidumps are not enabled by default on client versions of Windows
#

---------------  S U M M A R Y ------------

Command Line: -Dclassworlds.conf=C:\Program Files\NetBeans-23\netbeans\java\maven\bin\m2.conf -Dmaven.home=C:\Program Files\NetBeans-23\netbeans\java\maven -Dlibrary.jansi.path=C:\Program Files\NetBeans-23\netbeans\java\maven\lib\jansi-native -Dmaven.multiModuleProjectDirectory=C:\Users\Jennifer Ebertz\Documents\NetBeansProjects\ProjetoLPOOE1_GabrielAnaelStrotkamp\ProjetoLPOOE1_GabrielAnaelStrotkamp\ProjetoAB_LPOO_2025_1 org.codehaus.plexus.classworlds.launcher.Launcher -Dexec.vmArgs= -Dexec.args=${exec.vmArgs} -classpath %classpath ${exec.mainClass} ${exec.appArgs} -Dexec.executable=E:\Users\gabri\Downloads\jdk-22\bin\java.exe -Dexec.mainClass=br.edu.ifsul.lpoo.view.TelaInicialJF -Dexec.classpathScope=runtime -Dexec.appArgs= -Dmaven.ext.class.path=C:\Program Files\NetBeans-23\netbeans\java\maven-nblib\netbeans-eventspy.jar --no-transfer-progress process-classes org.codehaus.mojo:exec-maven-plugin:3.1.0:exec

Host: Intel(R) Pentium(R) CPU  N3700  @ 1.60GHz, 4 cores, 3G,  Windows 10 , 64 bit Build 19041 (10.0.19041.3636)
Time: Mon Jun 23 04:30:00 2025 Hora oficial do Brasil elapsed time: 1.269432 seconds (0d 0h 0m 1s)

---------------  T H R E A D  ---------------

Current thread (0x0000019257dfb9c0):  JavaThread "main"             [_thread_in_vm, id=8736, stack(0x0000005929d00000,0x0000005929e00000) (1024K)]

Stack: [0x0000005929d00000,0x0000005929e00000]
Native frames: (J=compiled Java code, j=interpreted, Vv=VM code, C=native code)
V  [jvm.dll+0x6e2349]  (no source info available)
V  [jvm.dll+0x874ed3]  (no source info available)
V  [jvm.dll+0x8772fe]  (no source info available)
V  [jvm.dll+0x8779d3]  (no source info available)
V  [jvm.dll+0x27fcb6]  (no source info available)
V  [jvm.dll+0x870b1e]  (no source info available)
V  [jvm.dll+0x6853b5]  (no source info available)
V  [jvm.dll+0x68541a]  (no source info available)
V  [jvm.dll+0x687c5a]  (no source info available)
V  [jvm.dll+0x22509c]  (no source info available)
V  [jvm.dll+0x685dce]  (no source info available)
V  [jvm.dll+0x690068]  (no source info available)
V  [jvm.dll+0x2152f1]  (no source info available)
V  [jvm.dll+0x21577a]  (no source info available)
V  [jvm.dll+0x2161a1]  (no source info available)
V  [jvm.dll+0x20b4de]  (no source info available)
V  [jvm.dll+0x5c471f]  (no source info available)
V  [jvm.dll+0x21cc5a]  (no source info available)
V  [jvm.dll+0x7eb79c]  (no source info available)
V  [jvm.dll+0x7ec836]  (no source info available)
V  [jvm.dll+0x7ece44]  (no source info available)
V  [jvm.dll+0x7ecac8]  (no source info available)
V  [jvm.dll+0x26d70b]  (no source info available)
V  [jvm.dll+0x26d93a]  (no source info available)
V  [jvm.dll+0x5e7e17]  (no source info available)
V  [jvm.dll+0x5eae16]  (no source info available)
V  [jvm.dll+0x3dd7ed]  (no source info available)
V  [jvm.dll+0x3dcded]  (no source info available)
C  0x00000192699595ee  (no source info available)

The last pc belongs to invokestatic (printed below).
Java frames: (J=compiled Java code, j=interpreted, Vv=VM code)
j  java.lang.Class.getMethodsRecursive(Ljava/lang/String;[Ljava/lang/Class;ZZ)Ljava/lang/PublicMethods$MethodList;+13 java.base@22
j  java.lang.Class.findMethod(ZLjava/lang/String;[Ljava/lang/Class;)Ljava/lang/reflect/Method;+5 java.base@22
j  java.lang.System$2.findMethod(Ljava/lang/Class;ZLjava/lang/String;[Ljava/lang/Class;)Ljava/lang/reflect/Method;+5 java.base@22
j  jdk.internal.misc.MethodFinder.findMainMethod(Ljava/lang/Class;)Ljava/lang/reflect/Method;+28 java.base@22
j  sun.launcher.LauncherHelper.validateMainMethod(Ljava/lang/Class;)V+3 java.base@22
j  sun.launcher.LauncherHelper.checkAndLoadMain(ZILjava/lang/String;)Ljava/lang/Class;+80 java.base@22
v  ~StubRoutines::call_stub 0x0000019269941015
invokestatic  184 invokestatic  [0x0000019269959540, 0x0000019269959800]  704 bytes
[MachCode]
  0x0000019269959540: 4883 ec08 | f30f 1104 | 24eb 1f48 | 83ec 10f2 | 0f11 0424 | eb14 4883 | ec10 4889 | 0424 48c7 
  0x0000019269959560: 4424 0800 | 0000 00eb | 0150 488b | 4dd0 410f | b755 0148 | 8b49 306b | d218 488d | 4c11 080f 
  0x0000019269959580: b659 1681 | fbb8 0000 | 000f 84b7 | 0000 00bb | b800 0000 | e805 0000 | 00e9 9300 | 0000 488b 
  0x00000192699595a0: d348 8d44 | 2408 4c89 | 6dc0 498b | cf49 89af | b003 0000 | 4989 87a0 | 0300 0048 | 83ec 2040 
  0x00000192699595c0: f6c4 0f0f | 8419 0000 | 0048 83ec | 0848 b880 | cd94 f9fa | 7f00 00ff | d048 83c4 | 08e9 0c00 
  0x00000192699595e0: 0000 48b8 | 80cd 94f9 | fa7f 0000 | ffd0 4883 | c420 49c7 | 87a0 0300 | 0000 0000 | 0049 c787 
  0x0000019269959600: b003 0000 | 0000 0000 | 49c7 87a8 | 0300 0000 | 0000 0049 | 837f 0800 | 0f84 0500 | 0000 e9dd 
  0x0000019269959620: 78fe ff4c | 8b6d c04c | 8b75 c84e | 8d74 f500 | c348 8b4d | d041 0fb7 | 5501 488b | 4930 6bd2 
  0x0000019269959640: 1848 8d4c | 1108 488b | 1948 8b5b | 0848 8b5b | 0848 8b5b | 1880 bb20 | 0100 0005 | 0f84 0d00 
  0x0000019269959660: 0000 4c3b | bb30 0100 | 000f 8520 | ffff ff0f | b651 1548 | 8b19 4c89 | 6dc0 448b | ea0f b651 
  0x0000019269959680: 1449 ba00 | c91e fafa | 7f00 0049 | 8b14 d252 | 418b d54c | 8b6d c048 | 8b45 d848 | 85c0 0f84 
  0x00000192699596a0: 1200 0000 | 4883 4008 | 0148 8358 | 0800 4883 | c010 4889 | 45d8 488b | 45d8 4885 | c00f 8423 
  0x00000192699596c0: 0100 0080 | 78f0 0a0f | 8519 0100 | 0048 83c0 | 084c 8b68 | f841 83ed | 0041 83fd | 020f 8cf8 
  0x00000192699596e0: 0000 004c | 8b6b 0845 | 0fb7 6d2e | 4c2b 2841 | 83ed 014e | 8b6c ec08 | 4d85 ed75 | 0ef6 4008 
  0x0000019269959700: 0175 4bf0 | 4883 4808 | 01eb 4345 | 8b6d 084d | 8bd5 4c33 | 6808 49f7 | c5fc ffff | ff74 2f41 
  0x0000019269959720: f6c5 0275 | 2948 8378 | 0800 741e | 4883 7808 | 0174 174d | 8bea 4c33 | 6808 49f7 | c5fc ffff 
  0x0000019269959740: ff74 0b48 | 8348 0802 | eb04 4c89 | 6808 4883 | c010 4c8b | 68e8 4183 | ed02 4183 | fd02 0f8c 
  0x0000019269959760: 7700 0000 | 4c8b 6b08 | 450f b76d | 2e4c 2b28 | 4183 ed01 | 4e8b 6cec | 084d 85ed | 750e f640 
  0x0000019269959780: 0801 754b | f048 8348 | 0801 eb43 | 458b 6d08 | 4d8b d54c | 3368 0849 | f7c5 fcff | ffff 742f 
  0x00000192699597a0: 41f6 c502 | 7529 4883 | 7808 0074 | 1e48 8378 | 0801 7417 | 4d8b ea4c | 3368 0849 | f7c5 fcff 
  0x00000192699597c0: ffff 740b | 4883 4808 | 02eb 044c | 8968 0848 | 83c0 104c | 8b68 d841 | 83ed 0441 | c1e5 0349 
  0x00000192699597e0: 03c5 4889 | 45d8 4c8d | 6c24 0849 | 8bcd 482b | cd48 c1f9 | 0348 894d | f0ff 6350 | 0f1f 4000 
[/MachCode]

---------------  P R O C E S S  ---------------

Threads class SMR info:
_java_thread_list=0x00000192042fe790, length=11, elements={
0x0000019257dfb9c0, 0x0000019204159080, 0x0000019204140f00, 0x000001920414ffa0,
0x0000019204144980, 0x0000019204144ff0, 0x0000019204145a50, 0x000001920416a6d0,
0x000001920414bdb0, 0x00000192042f8800, 0x00000192042fef30
}

Java Threads: ( => current thread )
=>0x0000019257dfb9c0 JavaThread "main"                              [_thread_in_vm, id=8736, stack(0x0000005929d00000,0x0000005929e00000) (1024K)]
  0x0000019204159080 JavaThread "Reference Handler"          daemon [_thread_blocked, id=10532, stack(0x000000592a500000,0x000000592a600000) (1024K)]
  0x0000019204140f00 JavaThread "Finalizer"                  daemon [_thread_blocked, id=2244, stack(0x000000592a600000,0x000000592a700000) (1024K)]
  0x000001920414ffa0 JavaThread "Signal Dispatcher"          daemon [_thread_blocked, id=7068, stack(0x000000592a700000,0x000000592a800000) (1024K)]
  0x0000019204144980 JavaThread "Attach Listener"            daemon [_thread_blocked, id=6628, stack(0x000000592a800000,0x000000592a900000) (1024K)]
  0x0000019204144ff0 JavaThread "Service Thread"             daemon [_thread_blocked, id=9540, stack(0x000000592a900000,0x000000592aa00000) (1024K)]
  0x0000019204145a50 JavaThread "Monitor Deflation Thread"   daemon [_thread_blocked, id=9024, stack(0x000000592aa00000,0x000000592ab00000) (1024K)]
  0x000001920416a6d0 JavaThread "C2 CompilerThread0"         daemon [_thread_blocked, id=11416, stack(0x000000592ab00000,0x000000592ac00000) (1024K)]
  0x000001920414bdb0 JavaThread "C1 CompilerThread0"         daemon [_thread_blocked, id=8496, stack(0x000000592ac00000,0x000000592ad00000) (1024K)]
  0x00000192042f8800 JavaThread "Notification Thread"        daemon [_thread_blocked, id=10824, stack(0x000000592ad00000,0x000000592ae00000) (1024K)]
  0x00000192042fef30 JavaThread "Common-Cleaner"             daemon [_thread_blocked, id=7712, stack(0x000000592ae00000,0x000000592af00000) (1024K)]
Total: 11

Other Threads:
  0x0000019274c332e0 VMThread "VM Thread"                           [id=284, stack(0x000000592a400000,0x000000592a500000) (1024K)]
  0x0000019274bb1060 WatcherThread "VM Periodic Task Thread"        [id=11684, stack(0x000000592a300000,0x000000592a400000) (1024K)]
  0x000001925a0f7b30 WorkerThread "GC Thread#0"                     [id=7544, stack(0x0000005929e00000,0x0000005929f00000) (1024K)]
  0x000001925a1006e0 ConcurrentGCThread "G1 Main Marker"            [id=10260, stack(0x0000005929f00000,0x000000592a000000) (1024K)]
  0x000001925a1018a0 WorkerThread "G1 Conc#0"                       [id=6124, stack(0x000000592a000000,0x000000592a100000) (1024K)]
  0x000001925a18ddc0 ConcurrentGCThread "G1 Refine#0"               [id=10744, stack(0x000000592a100000,0x000000592a200000) (1024K)]
  0x000001925a18e850 ConcurrentGCThread "G1 Service"                [id=8360, stack(0x000000592a200000,0x000000592a300000) (1024K)]
Total: 7

Threads with active compile tasks:
Total: 0

VM state: not at safepoint (normal execution)

VM Mutex/Monitor currently owned by a thread:  ([mutex/lock_event])
[0x00007ffafa1dab48] Metaspace_lock - owner thread: 0x0000019257dfb9c0

Heap address: 0x00000000c2800000, size: 984 MB, Compressed Oops mode: 32-bit

CDS archive(s) not mapped
Compressed class space mapped at: 0x0000000001000000-0x0000000041000000, reserved size: 1073741824
Narrow klass base: 0x0000000000000000, Narrow klass shift: 0, Narrow klass range: 0x41000000

GC Precious Log:
 CardTable entry size: 512
 Card Set container configuration: InlinePtr #cards 5 size 8 Array Of Cards #cards 12 size 40 Howl #buckets 4 coarsen threshold 1843 Howl Bitmap #cards 512 size 80 coarsen threshold 460 Card regions per heap region 1 cards per card region 2048
 CPUs: 4 total, 4 available
 Memory: 3930M
 Large Page Support: Disabled
 NUMA Support: Disabled
 Compressed Oops: Enabled (32-bit)
 Heap Region Size: 1M
 Heap Min Capacity: 8M
 Heap Initial Capacity: 62M
 Heap Max Capacity: 984M
 Pre-touch: Disabled
 Parallel Workers: 4
 Concurrent Workers: 1
 Concurrent Refinement Workers: 4
 Periodic GC: Disabled

Heap:
 garbage-first heap   total reserved 1007616K, committed 63488K, used 1024K [0x00000000c2800000, 0x0000000100000000)
  region size 1024K, 2 young (2048K), 0 survivors (0K)
 Metaspace       used 5277K, committed 5376K, reserved 1114112K
  class space    used 444K, committed 512K, reserved 1048576K

Heap Regions: E=young(eden), S=young(survivor), O=old, HS=humongous(starts), HC=humongous(continues), CS=collection set, F=free, TAMS=top-at-mark-start, PB=parsable bottom
|   0|0x00000000c2800000, 0x00000000c2800000, 0x00000000c2900000|  0%| F|  |TAMS 0x00000000c2800000| PB 0x00000000c2800000| Untracked |  0
|   1|0x00000000c2900000, 0x00000000c2900000, 0x00000000c2a00000|  0%| F|  |TAMS 0x00000000c2900000| PB 0x00000000c2900000| Untracked |  0
|   2|0x00000000c2a00000, 0x00000000c2a00000, 0x00000000c2b00000|  0%| F|  |TAMS 0x00000000c2a00000| PB 0x00000000c2a00000| Untracked |  0
|   3|0x00000000c2b00000, 0x00000000c2b00000, 0x00000000c2c00000|  0%| F|  |TAMS 0x00000000c2b00000| PB 0x00000000c2b00000| Untracked |  0
|   4|0x00000000c2c00000, 0x00000000c2c00000, 0x00000000c2d00000|  0%| F|  |TAMS 0x00000000c2c00000| PB 0x00000000c2c00000| Untracked |  0
|   5|0x00000000c2d00000, 0x00000000c2d00000, 0x00000000c2e00000|  0%| F|  |TAMS 0x00000000c2d00000| PB 0x00000000c2d00000| Untracked |  0
|   6|0x00000000c2e00000, 0x00000000c2e00000, 0x00000000c2f00000|  0%| F|  |TAMS 0x00000000c2e00000| PB 0x00000000c2e00000| Untracked |  0
|   7|0x00000000c2f00000, 0x00000000c2f00000, 0x00000000c3000000|  0%| F|  |TAMS 0x00000000c2f00000| PB 0x00000000c2f00000| Untracked |  0
|   8|0x00000000c3000000, 0x00000000c3000000, 0x00000000c3100000|  0%| F|  |TAMS 0x00000000c3000000| PB 0x00000000c3000000| Untracked |  0
|   9|0x00000000c3100000, 0x00000000c3100000, 0x00000000c3200000|  0%| F|  |TAMS 0x00000000c3100000| PB 0x00000000c3100000| Untracked |  0
|  10|0x00000000c3200000, 0x00000000c3200000, 0x00000000c3300000|  0%| F|  |TAMS 0x00000000c3200000| PB 0x00000000c3200000| Untracked |  0
|  11|0x00000000c3300000, 0x00000000c3300000, 0x00000000c3400000|  0%| F|  |TAMS 0x00000000c3300000| PB 0x00000000c3300000| Untracked |  0
|  12|0x00000000c3400000, 0x00000000c3400000, 0x00000000c3500000|  0%| F|  |TAMS 0x00000000c3400000| PB 0x00000000c3400000| Untracked |  0
|  13|0x00000000c3500000, 0x00000000c3500000, 0x00000000c3600000|  0%| F|  |TAMS 0x00000000c3500000| PB 0x00000000c3500000| Untracked |  0
|  14|0x00000000c3600000, 0x00000000c3600000, 0x00000000c3700000|  0%| F|  |TAMS 0x00000000c3600000| PB 0x00000000c3600000| Untracked |  0
|  15|0x00000000c3700000, 0x00000000c3700000, 0x00000000c3800000|  0%| F|  |TAMS 0x00000000c3700000| PB 0x00000000c3700000| Untracked |  0
|  16|0x00000000c3800000, 0x00000000c3800000, 0x00000000c3900000|  0%| F|  |TAMS 0x00000000c3800000| PB 0x00000000c3800000| Untracked |  0
|  17|0x00000000c3900000, 0x00000000c3900000, 0x00000000c3a00000|  0%| F|  |TAMS 0x00000000c3900000| PB 0x00000000c3900000| Untracked |  0
|  18|0x00000000c3a00000, 0x00000000c3a00000, 0x00000000c3b00000|  0%| F|  |TAMS 0x00000000c3a00000| PB 0x00000000c3a00000| Untracked |  0
|  19|0x00000000c3b00000, 0x00000000c3b00000, 0x00000000c3c00000|  0%| F|  |TAMS 0x00000000c3b00000| PB 0x00000000c3b00000| Untracked |  0
|  20|0x00000000c3c00000, 0x00000000c3c00000, 0x00000000c3d00000|  0%| F|  |TAMS 0x00000000c3c00000| PB 0x00000000c3c00000| Untracked |  0
|  21|0x00000000c3d00000, 0x00000000c3d00000, 0x00000000c3e00000|  0%| F|  |TAMS 0x00000000c3d00000| PB 0x00000000c3d00000| Untracked |  0
|  22|0x00000000c3e00000, 0x00000000c3e00000, 0x00000000c3f00000|  0%| F|  |TAMS 0x00000000c3e00000| PB 0x00000000c3e00000| Untracked |  0
|  23|0x00000000c3f00000, 0x00000000c3f00000, 0x00000000c4000000|  0%| F|  |TAMS 0x00000000c3f00000| PB 0x00000000c3f00000| Untracked |  0
|  24|0x00000000c4000000, 0x00000000c4000000, 0x00000000c4100000|  0%| F|  |TAMS 0x00000000c4000000| PB 0x00000000c4000000| Untracked |  0
|  25|0x00000000c4100000, 0x00000000c4100000, 0x00000000c4200000|  0%| F|  |TAMS 0x00000000c4100000| PB 0x00000000c4100000| Untracked |  0
|  26|0x00000000c4200000, 0x00000000c4200000, 0x00000000c4300000|  0%| F|  |TAMS 0x00000000c4200000| PB 0x00000000c4200000| Untracked |  0
|  27|0x00000000c4300000, 0x00000000c4300000, 0x00000000c4400000|  0%| F|  |TAMS 0x00000000c4300000| PB 0x00000000c4300000| Untracked |  0
|  28|0x00000000c4400000, 0x00000000c4400000, 0x00000000c4500000|  0%| F|  |TAMS 0x00000000c4400000| PB 0x00000000c4400000| Untracked |  0
|  29|0x00000000c4500000, 0x00000000c4500000, 0x00000000c4600000|  0%| F|  |TAMS 0x00000000c4500000| PB 0x00000000c4500000| Untracked |  0
|  30|0x00000000c4600000, 0x00000000c4600000, 0x00000000c4700000|  0%| F|  |TAMS 0x00000000c4600000| PB 0x00000000c4600000| Untracked |  0
|  31|0x00000000c4700000, 0x00000000c4700000, 0x00000000c4800000|  0%| F|  |TAMS 0x00000000c4700000| PB 0x00000000c4700000| Untracked |  0
|  32|0x00000000c4800000, 0x00000000c4800000, 0x00000000c4900000|  0%| F|  |TAMS 0x00000000c4800000| PB 0x00000000c4800000| Untracked |  0
|  33|0x00000000c4900000, 0x00000000c4900000, 0x00000000c4a00000|  0%| F|  |TAMS 0x00000000c4900000| PB 0x00000000c4900000| Untracked |  0
|  34|0x00000000c4a00000, 0x00000000c4a00000, 0x00000000c4b00000|  0%| F|  |TAMS 0x00000000c4a00000| PB 0x00000000c4a00000| Untracked |  0
|  35|0x00000000c4b00000, 0x00000000c4b00000, 0x00000000c4c00000|  0%| F|  |TAMS 0x00000000c4b00000| PB 0x00000000c4b00000| Untracked |  0
|  36|0x00000000c4c00000, 0x00000000c4c00000, 0x00000000c4d00000|  0%| F|  |TAMS 0x00000000c4c00000| PB 0x00000000c4c00000| Untracked |  0
|  37|0x00000000c4d00000, 0x00000000c4d00000, 0x00000000c4e00000|  0%| F|  |TAMS 0x00000000c4d00000| PB 0x00000000c4d00000| Untracked |  0
|  38|0x00000000c4e00000, 0x00000000c4e00000, 0x00000000c4f00000|  0%| F|  |TAMS 0x00000000c4e00000| PB 0x00000000c4e00000| Untracked |  0
|  39|0x00000000c4f00000, 0x00000000c4f00000, 0x00000000c5000000|  0%| F|  |TAMS 0x00000000c4f00000| PB 0x00000000c4f00000| Untracked |  0
|  40|0x00000000c5000000, 0x00000000c5000000, 0x00000000c5100000|  0%| F|  |TAMS 0x00000000c5000000| PB 0x00000000c5000000| Untracked |  0
|  41|0x00000000c5100000, 0x00000000c5100000, 0x00000000c5200000|  0%| F|  |TAMS 0x00000000c5100000| PB 0x00000000c5100000| Untracked |  0
|  42|0x00000000c5200000, 0x00000000c5200000, 0x00000000c5300000|  0%| F|  |TAMS 0x00000000c5200000| PB 0x00000000c5200000| Untracked |  0
|  43|0x00000000c5300000, 0x00000000c5300000, 0x00000000c5400000|  0%| F|  |TAMS 0x00000000c5300000| PB 0x00000000c5300000| Untracked |  0
|  44|0x00000000c5400000, 0x00000000c5400000, 0x00000000c5500000|  0%| F|  |TAMS 0x00000000c5400000| PB 0x00000000c5400000| Untracked |  0
|  45|0x00000000c5500000, 0x00000000c5500000, 0x00000000c5600000|  0%| F|  |TAMS 0x00000000c5500000| PB 0x00000000c5500000| Untracked |  0
|  46|0x00000000c5600000, 0x00000000c5600000, 0x00000000c5700000|  0%| F|  |TAMS 0x00000000c5600000| PB 0x00000000c5600000| Untracked |  0
|  47|0x00000000c5700000, 0x00000000c5700000, 0x00000000c5800000|  0%| F|  |TAMS 0x00000000c5700000| PB 0x00000000c5700000| Untracked |  0
|  48|0x00000000c5800000, 0x00000000c5800000, 0x00000000c5900000|  0%| F|  |TAMS 0x00000000c5800000| PB 0x00000000c5800000| Untracked |  0
|  49|0x00000000c5900000, 0x00000000c5900000, 0x00000000c5a00000|  0%| F|  |TAMS 0x00000000c5900000| PB 0x00000000c5900000| Untracked |  0
|  50|0x00000000c5a00000, 0x00000000c5a00000, 0x00000000c5b00000|  0%| F|  |TAMS 0x00000000c5a00000| PB 0x00000000c5a00000| Untracked |  0
|  51|0x00000000c5b00000, 0x00000000c5b00000, 0x00000000c5c00000|  0%| F|  |TAMS 0x00000000c5b00000| PB 0x00000000c5b00000| Untracked |  0
|  52|0x00000000c5c00000, 0x00000000c5c00000, 0x00000000c5d00000|  0%| F|  |TAMS 0x00000000c5c00000| PB 0x00000000c5c00000| Untracked |  0
|  53|0x00000000c5d00000, 0x00000000c5d00000, 0x00000000c5e00000|  0%| F|  |TAMS 0x00000000c5d00000| PB 0x00000000c5d00000| Untracked |  0
|  54|0x00000000c5e00000, 0x00000000c5e00000, 0x00000000c5f00000|  0%| F|  |TAMS 0x00000000c5e00000| PB 0x00000000c5e00000| Untracked |  0
|  55|0x00000000c5f00000, 0x00000000c5f00000, 0x00000000c6000000|  0%| F|  |TAMS 0x00000000c5f00000| PB 0x00000000c5f00000| Untracked |  0
|  56|0x00000000c6000000, 0x00000000c6000000, 0x00000000c6100000|  0%| F|  |TAMS 0x00000000c6000000| PB 0x00000000c6000000| Untracked |  0
|  57|0x00000000c6100000, 0x00000000c6100000, 0x00000000c6200000|  0%| F|  |TAMS 0x00000000c6100000| PB 0x00000000c6100000| Untracked |  0
|  58|0x00000000c6200000, 0x00000000c6200000, 0x00000000c6300000|  0%| F|  |TAMS 0x00000000c6200000| PB 0x00000000c6200000| Untracked |  0
|  59|0x00000000c6300000, 0x00000000c6300000, 0x00000000c6400000|  0%| F|  |TAMS 0x00000000c6300000| PB 0x00000000c6300000| Untracked |  0
|  60|0x00000000c6400000, 0x00000000c64d7198, 0x00000000c6500000| 84%| E|  |TAMS 0x00000000c6400000| PB 0x00000000c6400000| Complete |  0
|  61|0x00000000c6500000, 0x00000000c6600000, 0x00000000c6600000|100%| E|CS|TAMS 0x00000000c6500000| PB 0x00000000c6500000| Complete |  0

Card table byte_map: [0x0000019271600000,0x00000192717f0000] _byte_map_base: 0x0000019270fec000

Marking Bits: (CMBitMap*) 0x000001925a0f8150
 Bits: [0x00000192717f0000, 0x0000019272750000)

Polling page: 0x0000019257ff0000

Metaspace:

Usage:
  Non-class:      4.72 MB used.
      Class:    444.84 KB used.
       Both:      5.15 MB used.

Virtual space:
  Non-class space:       64.00 MB reserved,       4.75 MB (  7%) committed,  1 nodes.
      Class space:        1.00 GB reserved,     512.00 KB ( <1%) committed,  1 nodes.
             Both:        1.06 GB reserved,       5.25 MB ( <1%) committed. 

Chunk freelists:
   Non-Class:  10.96 MB
       Class:  15.55 MB
        Both:  26.52 MB

MaxMetaspaceSize: unlimited
CompressedClassSpaceSize: 1.00 GB
Initial GC threshold: 21.00 MB
Current GC threshold: 21.00 MB
CDS: off
 - commit_granule_bytes: 65536.
 - commit_granule_words: 8192.
 - virtual_space_node_default_size: 8388608.
 - enlarge_chunks_in_place: 1.
 - use_allocation_guard: 0.


Internal statistics:

num_allocs_failed_limit: 0.
num_arena_births: 4.
num_arena_deaths: 0.
num_vsnodes_births: 2.
num_vsnodes_deaths: 0.
num_space_committed: 84.
num_space_uncommitted: 0.
num_chunks_returned_to_freelist: 0.
num_chunks_taken_from_freelist: 13.
num_chunk_merges: 0.
num_chunk_splits: 7.
num_chunks_enlarged: 4.
num_inconsistent_stats: 0.

CodeHeap 'non-profiled nmethods': size=120000Kb used=15Kb max_used=15Kb free=119984Kb
 bounds [0x0000019269ee0000, 0x000001926a150000, 0x0000019271410000]
CodeHeap 'profiled nmethods': size=120000Kb used=115Kb max_used=115Kb free=119884Kb
 bounds [0x0000019262410000, 0x0000019262680000, 0x0000019269940000]
CodeHeap 'non-nmethods': size=5760Kb used=1211Kb max_used=1211Kb free=4549Kb
 bounds [0x0000019269940000, 0x0000019269bb0000, 0x0000019269ee0000]
 total_blobs=430 nmethods=92 adapters=244
 compilation: enabled
              stopped_count=0, restarted_count=0
 full_count=0

Compilation events (20 events):
Event: 0.948 Thread 0x000001920414bdb0   82       3       java.lang.StringLatin1::indexOfChar (33 bytes)
Event: 0.949 Thread 0x000001920414bdb0 nmethod 82 0x0000019262429c90 code [0x0000019262429e40, 0x000001926242a060]
Event: 0.949 Thread 0x000001920414bdb0   83       3       java.lang.Math::max (11 bytes)
Event: 0.949 Thread 0x000001920414bdb0 nmethod 83 0x000001926242a190 code [0x000001926242a320, 0x000001926242a458]
Event: 0.951 Thread 0x000001920414bdb0   84       3       java.lang.StringLatin1::canEncode (17 bytes)
Event: 0.951 Thread 0x000001920414bdb0 nmethod 84 0x000001926242a510 code [0x000001926242a6a0, 0x000001926242a810]
Event: 0.951 Thread 0x000001920414bdb0   85       3       java.lang.String::indexOf (37 bytes)
Event: 0.952 Thread 0x000001920414bdb0 nmethod 85 0x000001926242a890 code [0x000001926242aa80, 0x000001926242af00]
Event: 0.952 Thread 0x000001920414bdb0   86       3       java.lang.StringLatin1::indexOf (37 bytes)
Event: 0.953 Thread 0x000001920414bdb0 nmethod 86 0x000001926242b090 code [0x000001926242b280, 0x000001926242b7a8]
Event: 0.956 Thread 0x000001920414bdb0   87       3       java.lang.String::isEmpty (14 bytes)
Event: 0.957 Thread 0x000001920414bdb0 nmethod 87 0x000001926242b990 code [0x000001926242bb20, 0x000001926242bc88]
Event: 1.110 Thread 0x000001920414bdb0   88       3       java.util.zip.ZipUtils::SH (21 bytes)
Event: 1.111 Thread 0x000001920414bdb0 nmethod 88 0x000001926242bd10 code [0x000001926242bea0, 0x000001926242bfe8]
Event: 1.261 Thread 0x000001920414bdb0   89       3       jdk.internal.misc.Unsafe::pickPos (14 bytes)
Event: 1.261 Thread 0x000001920414bdb0 nmethod 89 0x000001926242c110 code [0x000001926242c2a0, 0x000001926242c3a0]
Event: 1.261 Thread 0x000001920414bdb0   91       3       java.util.zip.ZipUtils::LG (22 bytes)
Event: 1.261 Thread 0x000001920414bdb0 nmethod 91 0x000001926242c410 code [0x000001926242c5c0, 0x000001926242c830]
Event: 1.263 Thread 0x000001920414bdb0   92       3       jdk.internal.misc.Unsafe::toUnsignedLong (7 bytes)
Event: 1.263 Thread 0x000001920414bdb0 nmethod 92 0x000001926242c990 code [0x000001926242cb20, 0x000001926242cc20]

GC Heap History (0 events):
No events

Dll operation events (5 events):
Event: 0.073 Loaded shared library E:\Users\gabri\Downloads\jdk-22\bin\java.dll
Event: 0.635 Loaded shared library E:\Users\gabri\Downloads\jdk-22\bin\jsvml.dll
Event: 1.002 Loaded shared library E:\Users\gabri\Downloads\jdk-22\bin\net.dll
Event: 1.066 Loaded shared library E:\Users\gabri\Downloads\jdk-22\bin\nio.dll
Event: 1.203 Loaded shared library E:\Users\gabri\Downloads\jdk-22\bin\zip.dll

Deoptimization events (0 events):
No events

Classes loaded (20 events):
Event: 1.248 Loading class java/security/AllPermission done
Event: 1.248 Loading class java/security/UnresolvedPermission
Event: 1.248 Loading class java/security/UnresolvedPermission done
Event: 1.248 Loading class java/security/SecureClassLoader$DebugHolder
Event: 1.249 Loading class java/security/SecureClassLoader$DebugHolder done
Event: 1.250 Loading class jdk/internal/misc/MethodFinder
Event: 1.250 Loading class jdk/internal/misc/MethodFinder done
Event: 1.250 Loading class jdk/internal/misc/PreviewFeatures
Event: 1.250 Loading class jdk/internal/misc/PreviewFeatures done
Event: 1.252 Loading class java/lang/reflect/InvocationTargetException
Event: 1.257 Loading class java/lang/reflect/InvocationTargetException done
Event: 1.257 Loading class java/lang/NoSuchMethodException
Event: 1.257 Loading class java/lang/NoSuchMethodException done
Event: 1.258 Loading class java/util/concurrent/ConcurrentHashMap$ForwardingNode
Event: 1.259 Loading class java/util/concurrent/ConcurrentHashMap$ForwardingNode done
Event: 1.262 Loading class java/io/IOException
Event: 1.262 Loading class java/io/IOException done
Event: 1.264 Loading class java/lang/IllegalAccessException
Event: 1.264 Loading class java/lang/IllegalAccessException done
Event: 1.264 Loading class java/lang/PublicMethods$MethodList

Classes unloaded (0 events):
No events

Classes redefined (0 events):
No events

Internal exceptions (0 events):
No events

ZGC Phase Switch (0 events):
No events

VM Operations (2 events):
Event: 1.226 Executing VM operation: HandshakeAllThreads (Deoptimize)
Event: 1.226 Executing VM operation: HandshakeAllThreads (Deoptimize) done

Events (11 events):
Event: 0.154 Thread 0x0000019257dfb9c0 Thread added: 0x0000019257dfb9c0
Event: 0.555 Thread 0x0000019204159080 Thread added: 0x0000019204159080
Event: 0.555 Thread 0x0000019204140f00 Thread added: 0x0000019204140f00
Event: 0.566 Thread 0x000001920414ffa0 Thread added: 0x000001920414ffa0
Event: 0.566 Thread 0x0000019204144980 Thread added: 0x0000019204144980
Event: 0.566 Thread 0x0000019204144ff0 Thread added: 0x0000019204144ff0
Event: 0.567 Thread 0x0000019204145a50 Thread added: 0x0000019204145a50
Event: 0.567 Thread 0x000001920416a6d0 Thread added: 0x000001920416a6d0
Event: 0.567 Thread 0x000001920414bdb0 Thread added: 0x000001920414bdb0
Event: 0.883 Thread 0x00000192042f8800 Thread added: 0x00000192042f8800
Event: 0.941 Thread 0x00000192042fef30 Thread added: 0x00000192042fef30


Dynamic libraries:
0x00007ff62ae90000 - 0x00007ff62aea0000 	E:\Users\gabri\Downloads\jdk-22\bin\java.exe
0x00007ffb26af0000 - 0x00007ffb26ce8000 	C:\Windows\SYSTEM32\ntdll.dll
0x00007ffb25570000 - 0x00007ffb2562d000 	C:\Windows\System32\KERNEL32.DLL
0x00007ffb241f0000 - 0x00007ffb244e6000 	C:\Windows\System32\KERNELBASE.dll
0x00007ffb24850000 - 0x00007ffb24950000 	C:\Windows\System32\ucrtbase.dll
0x00007ffb1e350000 - 0x00007ffb1e36b000 	E:\Users\gabri\Downloads\jdk-22\bin\VCRUNTIME140.dll
0x00007ffb208a0000 - 0x00007ffb208b7000 	E:\Users\gabri\Downloads\jdk-22\bin\jli.dll
0x00007ffb26720000 - 0x00007ffb267d3000 	C:\Windows\System32\ADVAPI32.dll
0x00007ffb25390000 - 0x00007ffb2542e000 	C:\Windows\System32\msvcrt.dll
0x00007ffb24b70000 - 0x00007ffb24c0f000 	C:\Windows\System32\sechost.dll
0x00007ffb26540000 - 0x00007ffb26666000 	C:\Windows\System32\RPCRT4.dll
0x00007ffb24700000 - 0x00007ffb24727000 	C:\Windows\System32\bcrypt.dll
0x00007ffb26950000 - 0x00007ffb26aee000 	C:\Windows\System32\USER32.dll
0x00007ffb24950000 - 0x00007ffb24972000 	C:\Windows\System32\win32u.dll
0x00007ffb24c10000 - 0x00007ffb24c3b000 	C:\Windows\System32\GDI32.dll
0x00007ffb157b0000 - 0x00007ffb15a4a000 	C:\Windows\WinSxS\amd64_microsoft.windows.common-controls_6595b64144ccf1df_6.0.19041.3636_none_60b6a03d71f818d5\COMCTL32.dll
0x00007ffb24730000 - 0x00007ffb24847000 	C:\Windows\System32\gdi32full.dll
0x00007ffb245a0000 - 0x00007ffb2463d000 	C:\Windows\System32\msvcp_win.dll
0x00007ffb14a10000 - 0x00007ffb14a1a000 	C:\Windows\SYSTEM32\VERSION.dll
0x00007ffb268b0000 - 0x00007ffb268e2000 	C:\Windows\System32\IMM32.DLL
0x00007ffb20830000 - 0x00007ffb2083c000 	E:\Users\gabri\Downloads\jdk-22\bin\vcruntime140_1.dll
0x00007ffb15b90000 - 0x00007ffb15c1e000 	E:\Users\gabri\Downloads\jdk-22\bin\msvcp140.dll
0x00007ffaf9570000 - 0x00007ffafa2b8000 	E:\Users\gabri\Downloads\jdk-22\bin\server\jvm.dll
0x00007ffb257b0000 - 0x00007ffb2581b000 	C:\Windows\System32\WS2_32.dll
0x00007ffb24050000 - 0x00007ffb2409b000 	C:\Windows\SYSTEM32\POWRPROF.dll
0x00007ffb0f0c0000 - 0x00007ffb0f0e7000 	C:\Windows\SYSTEM32\WINMM.dll
0x00007ffb24030000 - 0x00007ffb24042000 	C:\Windows\SYSTEM32\UMPDC.dll
0x00007ffb22230000 - 0x00007ffb22242000 	C:\Windows\SYSTEM32\kernel.appcore.dll
0x00007ffb1e320000 - 0x00007ffb1e32a000 	E:\Users\gabri\Downloads\jdk-22\bin\jimage.dll
0x00007ffb198c0000 - 0x00007ffb19aa4000 	C:\Windows\SYSTEM32\DBGHELP.DLL
0x00007ffb19880000 - 0x00007ffb198b4000 	C:\Windows\SYSTEM32\dbgcore.DLL
0x00007ffb24ae0000 - 0x00007ffb24b62000 	C:\Windows\System32\bcryptPrimitives.dll
0x00007ffb1d290000 - 0x00007ffb1d2ae000 	E:\Users\gabri\Downloads\jdk-22\bin\java.dll
0x00007ffb25820000 - 0x00007ffb25f65000 	C:\Windows\System32\SHELL32.dll
0x00007ffb25430000 - 0x00007ffb2555b000 	C:\Windows\System32\ole32.dll
0x00007ffb26030000 - 0x00007ffb26384000 	C:\Windows\System32\combase.dll
0x00007ffb22430000 - 0x00007ffb22bcc000 	C:\Windows\SYSTEM32\windows.storage.dll
0x00007ffb23ac0000 - 0x00007ffb23aee000 	C:\Windows\SYSTEM32\Wldp.dll
0x00007ffb267e0000 - 0x00007ffb268ad000 	C:\Windows\System32\OLEAUT32.dll
0x00007ffb26670000 - 0x00007ffb2671d000 	C:\Windows\System32\SHCORE.dll
0x00007ffb268f0000 - 0x00007ffb26945000 	C:\Windows\System32\shlwapi.dll
0x00007ffb24120000 - 0x00007ffb24145000 	C:\Windows\SYSTEM32\profapi.dll
0x00007ffb15dd0000 - 0x00007ffb15ea7000 	E:\Users\gabri\Downloads\jdk-22\bin\jsvml.dll
0x00007ffb1da00000 - 0x00007ffb1da10000 	E:\Users\gabri\Downloads\jdk-22\bin\net.dll
0x00007ffb23820000 - 0x00007ffb2388a000 	C:\Windows\system32\mswsock.dll
0x00007ffb160f0000 - 0x00007ffb16106000 	E:\Users\gabri\Downloads\jdk-22\bin\nio.dll
0x00007ffb15db0000 - 0x00007ffb15dc7000 	E:\Users\gabri\Downloads\jdk-22\bin\zip.dll

dbghelp: loaded successfully - version: 4.0.5 - missing functions: none
symbol engine: initialized successfully - sym options: 0x614 - pdb path: .;E:\Users\gabri\Downloads\jdk-22\bin;C:\Windows\SYSTEM32;C:\Windows\WinSxS\amd64_microsoft.windows.common-controls_6595b64144ccf1df_6.0.19041.3636_none_60b6a03d71f818d5;E:\Users\gabri\Downloads\jdk-22\bin\server

VM Arguments:
jvm_args: -Dclassworlds.conf=C:\Program Files\NetBeans-23\netbeans\java\maven\bin\m2.conf -Dmaven.home=C:\Program Files\NetBeans-23\netbeans\java\maven -Dlibrary.jansi.path=C:\Program Files\NetBeans-23\netbeans\java\maven\lib\jansi-native -Dmaven.multiModuleProjectDirectory=C:\Users\Jennifer Ebertz\Documents\NetBeansProjects\ProjetoLPOOE1_GabrielAnaelStrotkamp\ProjetoLPOOE1_GabrielAnaelStrotkamp\ProjetoAB_LPOO_2025_1 
java_command: org.codehaus.plexus.classworlds.launcher.Launcher -Dexec.vmArgs= -Dexec.args=${exec.vmArgs} -classpath %classpath ${exec.mainClass} ${exec.appArgs} -Dexec.executable=E:\Users\gabri\Downloads\jdk-22\bin\java.exe -Dexec.mainClass=br.edu.ifsul.lpoo.view.TelaInicialJF -Dexec.classpathScope=runtime -Dexec.appArgs= -Dmaven.ext.class.path=C:\Program Files\NetBeans-23\netbeans\java\maven-nblib\netbeans-eventspy.jar --no-transfer-progress process-classes org.codehaus.mojo:exec-maven-plugin:3.1.0:exec
java_class_path (initial): C:\Program Files\NetBeans-23\netbeans\java\maven\boot\plexus-classworlds-2.8.0.jar
Launcher Type: SUN_STANDARD

[Global flags]
     intx CICompilerCount                          = 3                                         {product} {ergonomic}
     uint ConcGCThreads                            = 1                                         {product} {ergonomic}
     uint G1ConcRefinementThreads                  = 4                                         {product} {ergonomic}
   size_t G1HeapRegionSize                         = 1048576                                   {product} {ergonomic}
   size_t InitialHeapSize                          = 65011712                                  {product} {ergonomic}
   size_t MarkStackSize                            = 4194304                                   {product} {ergonomic}
   size_t MaxHeapSize                              = 1031798784                                {product} {ergonomic}
   size_t MaxNewSize                               = 618659840                                 {product} {ergonomic}
   size_t MinHeapDeltaBytes                        = 1048576                                   {product} {ergonomic}
   size_t MinHeapSize                              = 8388608                                   {product} {ergonomic}
    uintx NonNMethodCodeHeapSize                   = 5832780                                {pd product} {ergonomic}
    uintx NonProfiledCodeHeapSize                  = 122912730                              {pd product} {ergonomic}
    uintx ProfiledCodeHeapSize                     = 122912730                              {pd product} {ergonomic}
    uintx ReservedCodeCacheSize                    = 251658240                              {pd product} {ergonomic}
     bool SegmentedCodeCache                       = true                                      {product} {ergonomic}
   size_t SoftMaxHeapSize                          = 1031798784                             {manageable} {ergonomic}
     bool UseCompressedOops                        = true                           {product lp64_product} {ergonomic}
     bool UseG1GC                                  = true                                      {product} {ergonomic}
     bool UseLargePagesIndividualAllocation        = false                                  {pd product} {ergonomic}

Logging:
Log output configuration:
 #0: stdout all=warning uptime,level,tags foldmultilines=false
 #1: stderr all=off uptime,level,tags foldmultilines=false

Environment Variables:
JAVA_HOME=E:\Users\gabri\Downloads\jdk-22
PATH=C:\Program Files (x86)\Common Files\Oracle\Java\java8path;C:\Program Files (x86)\Common Files\Oracle\Java\javapath;C:\Windows\system32;C:\Windows;C:\Windows\System32\Wbem;C:\Windows\System32\WindowsPowerShell\v1.0\;C:\Windows\System32\OpenSSH\;C:\Users\Jennifer Ebertz\AppData\Local\Programs\Eclipse Adoptium\jdk-21.0.4.7-hotspot\bin;C:\Users\Jennifer Ebertz\AppData\Local\Microsoft\WindowsApps;C:\Users\Jennifer Ebertz\AppData\Local\Programs\Microsoft VS Code\bin
USERNAME=Jennifer Ebertz
OS=Windows_NT
PROCESSOR_IDENTIFIER=Intel64 Family 6 Model 76 Stepping 3, GenuineIntel
TMP=C:\Users\Jennifer Ebertz\AppData\Local\Temp
TEMP=C:\Users\Jennifer Ebertz\AppData\Local\Temp




Periodic native trim disabled

---------------  S Y S T E M  ---------------

OS:
 Windows 10 , 64 bit Build 19041 (10.0.19041.3636)
OS uptime: 4 days 8:02 hours

CPU: total 4 (initial active 4) (4 cores per cpu, 1 threads per core) family 6 model 76 stepping 3 microcode 0x368, cx8, cmov, fxsr, mmx, 3dnowpref, sse, sse2, sse3, ssse3, sse4.1, sse4.2, popcnt, tsc, tscinvbit, aes, erms, clmul, clflush, rdtscp
Processor Information for all 4 processors :
  Max Mhz: 1601, Current Mhz: 1601, Mhz Limit: 1601

Memory: 4k page, system-wide physical 3930M (297M free)
TotalPageFile size 12122M (AvailPageFile size 0M)
current process WorkingSet (physical memory assigned to process): 28M, peak: 28M
current process commit charge ("private bytes"): 126M, peak: 128M

vm_info: Java HotSpot(TM) 64-Bit Server VM (22+36-2370) for windows-amd64 JRE (22+36-2370), built on 2024-02-15T22:15:19Z by "mach5one" with MS VC++ 17.6 (VS2022)

END.
