#
# There is insufficient memory for the Java Runtime Environment to continue.
# Native memory allocation (malloc) failed to allocate 32784 bytes. Error detail: Chunk::new
# Possible reasons:
#   The system is out of physical RAM or swap space
#   This process is running with CompressedOops enabled, and the Java Heap may be blocking the growth of the native heap
# Possible solutions:
#   Reduce memory load on the system
#   Increase physical memory or swap space
#   Check if swap backing store is full
#   Decrease Java heap size (-Xmx/-Xms)
#   Decrease number of Java threads
#   Decrease Java thread stack sizes (-Xss)
#   Set larger code cache with -XX:ReservedCodeCacheSize=
#   JVM is running with Unscaled Compressed Oops mode in which the Java heap is
#     placed in the first 4GB address space. The Java Heap base address is the
#     maximum limit for the native heap growth. Please use -XX:HeapBaseMinAddress
#     to set the Java Heap base and to place the Java Heap above 4GB virtual address.
# This output file may be truncated or incomplete.
#
#  Out of Memory Error (arena.cpp:150), pid=3848, tid=6968
#
# JRE version: Java(TM) SE Runtime Environment (22.0+36) (build 22+36-2370)
# Java VM: Java HotSpot(TM) 64-Bit Server VM (22+36-2370, mixed mode, sharing, tiered, compressed oops, compressed class ptrs, g1 gc, windows-amd64)
# No core dump will be written. Minidumps are not enabled by default on client versions of Windows
#

---------------  S U M M A R Y ------------

Command Line: br.edu.ifsul.lpoo.view.TelaInicialJF

Host: Intel(R) Pentium(R) CPU  N3700  @ 1.60GHz, 4 cores, 3G,  Windows 10 , 64 bit Build 19041 (10.0.19041.3636)
Time: Mon Jun 23 03:39:16 2025 Hora oficial do Brasil elapsed time: 58.003980 seconds (0d 0h 0m 58s)

---------------  T H R E A D  ---------------

Current thread (0x000001edc114f2c0):  JavaThread "C2 CompilerThread0" daemon [_thread_in_native, id=6968, stack(0x00000082ffc00000,0x00000082ffd00000) (1024K)]


Current CompileTask:
C2:58004 5259       4       java.util.TreeMap::put (221 bytes)

Stack: [0x00000082ffc00000,0x00000082ffd00000]
Native frames: (J=compiled Java code, j=interpreted, Vv=VM code, C=native code)
V  [jvm.dll+0x6e2349]  (no source info available)
V  [jvm.dll+0x874ed3]  (no source info available)
V  [jvm.dll+0x8772fe]  (no source info available)
V  [jvm.dll+0x8779d3]  (no source info available)
V  [jvm.dll+0x27fcb6]  (no source info available)
V  [jvm.dll+0xc3d0f]  (no source info available)
V  [jvm.dll+0xc40fb]  (no source info available)
V  [jvm.dll+0xc3bbb]  (no source info available)
V  [jvm.dll+0x6bedec]  (no source info available)
V  [jvm.dll+0x24f379]  (no source info available)
V  [jvm.dll+0x708670]  (no source info available)
V  [jvm.dll+0x248c2d]  (no source info available)
V  [jvm.dll+0x246eb6]  (no source info available)
V  [jvm.dll+0x1c4e90]  (no source info available)
V  [jvm.dll+0x25699e]  (no source info available)
V  [jvm.dll+0x254c5a]  (no source info available)
V  [jvm.dll+0x3f5426]  (no source info available)
V  [jvm.dll+0x81d50b]  (no source info available)
V  [jvm.dll+0x6e09e5]  (no source info available)
C  [ucrtbase.dll+0x21bb2]  (no source info available)
C  [KERNEL32.DLL+0x17344]  (no source info available)
C  [ntdll.dll+0x526b1]  (no source info available)


---------------  P R O C E S S  ---------------

Threads class SMR info:
_java_thread_list=0x000001edc62d5740, length=20, elements={
0x000001edc11307d0, 0x000001edc1131300, 0x000001edc11335b0, 0x000001edc11373d0,
0x000001edc113e890, 0x000001edc113baa0, 0x000001edc114f2c0, 0x000001edc11533a0,
0x000001edc113c130, 0x000001edc113db70, 0x000001edc113e200, 0x000001edc113c7c0,
0x000001edc113ef20, 0x000001edc113ce50, 0x000001edc113d4e0, 0x000001edc6737a30,
0x000001edc6738750, 0x000001edc673d610, 0x000001edc673b540, 0x000001edc6738de0
}

Java Threads: ( => current thread )
  0x000001edc11307d0 JavaThread "Reference Handler"          daemon [_thread_blocked, id=11332, stack(0x00000082ff600000,0x00000082ff700000) (1024K)]
  0x000001edc1131300 JavaThread "Finalizer"                  daemon [_thread_blocked, id=2956, stack(0x00000082ff700000,0x00000082ff800000) (1024K)]
  0x000001edc11335b0 JavaThread "Signal Dispatcher"          daemon [_thread_blocked, id=8352, stack(0x00000082ff800000,0x00000082ff900000) (1024K)]
  0x000001edc11373d0 JavaThread "Attach Listener"            daemon [_thread_blocked, id=6844, stack(0x00000082ff900000,0x00000082ffa00000) (1024K)]
  0x000001edc113e890 JavaThread "Service Thread"             daemon [_thread_blocked, id=7500, stack(0x00000082ffa00000,0x00000082ffb00000) (1024K)]
  0x000001edc113baa0 JavaThread "Monitor Deflation Thread"   daemon [_thread_blocked, id=5260, stack(0x00000082ffb00000,0x00000082ffc00000) (1024K)]
=>0x000001edc114f2c0 JavaThread "C2 CompilerThread0"         daemon [_thread_in_native, id=6968, stack(0x00000082ffc00000,0x00000082ffd00000) (1024K)]
  0x000001edc11533a0 JavaThread "C1 CompilerThread0"         daemon [_thread_blocked, id=10828, stack(0x00000082ffd00000,0x00000082ffe00000) (1024K)]
  0x000001edc113c130 JavaThread "Notification Thread"        daemon [_thread_blocked, id=11024, stack(0x00000082ffe00000,0x00000082fff00000) (1024K)]
  0x000001edc113db70 JavaThread "Common-Cleaner"             daemon [_thread_blocked, id=9348, stack(0x00000082fff00000,0x0000008300000000) (1024K)]
  0x000001edc113e200 JavaThread "Java2D Disposer"            daemon [_thread_blocked, id=10628, stack(0x0000008280000000,0x0000008280100000) (1024K)]
  0x000001edc113c7c0 JavaThread "AWT-Shutdown"                      [_thread_blocked, id=10556, stack(0x0000008280100000,0x0000008280200000) (1024K)]
  0x000001edc113ef20 JavaThread "AWT-Windows"                daemon [_thread_in_native, id=11232, stack(0x0000008280200000,0x0000008280300000) (1024K)]
  0x000001edc113ce50 JavaThread "AWT-EventQueue-0"                  [_thread_in_Java, id=404, stack(0x0000008280300000,0x0000008280400000) (1024K)]
  0x000001edc113d4e0 JavaThread "DestroyJavaVM"                     [_thread_blocked, id=1980, stack(0x00000082fee00000,0x00000082fef00000) (1024K)]
  0x000001edc6737a30 JavaThread "pool-1-thread-1"                   [_thread_blocked, id=11284, stack(0x0000008280800000,0x0000008280900000) (1024K)]
  0x000001edc6738750 JavaThread "TimerQueue"                 daemon [_thread_blocked, id=11300, stack(0x0000008280c00000,0x0000008280d00000) (1024K)]
  0x000001edc673d610 JavaThread "pool-2-thread-1"                   [_thread_blocked, id=10932, stack(0x0000008280d00000,0x0000008280e00000) (1024K)]
  0x000001edc673b540 JavaThread "pool-3-thread-1"                   [_thread_blocked, id=11444, stack(0x0000008280e00000,0x0000008280f00000) (1024K)]
  0x000001edc6738de0 JavaThread "pool-5-thread-1"                   [_thread_blocked, id=11864, stack(0x0000008280f00000,0x0000008281000000) (1024K)]
Total: 20

Other Threads:
  0x000001ede0395e50 VMThread "VM Thread"                           [id=7576, stack(0x00000082ff500000,0x00000082ff600000) (1024K)]
  0x000001ede03850c0 WatcherThread "VM Periodic Task Thread"        [id=4124, stack(0x00000082ff400000,0x00000082ff500000) (1024K)]
  0x000001ede0308de0 WorkerThread "GC Thread#0"                     [id=11328, stack(0x00000082fef00000,0x00000082ff000000) (1024K)]
  0x000001edc6661a90 WorkerThread "GC Thread#1"                     [id=10696, stack(0x0000008280400000,0x0000008280500000) (1024K)]
  0x000001edc6661e40 WorkerThread "GC Thread#2"                     [id=10936, stack(0x0000008280500000,0x0000008280600000) (1024K)]
  0x000001edc66621f0 WorkerThread "GC Thread#3"                     [id=10232, stack(0x0000008280600000,0x0000008280700000) (1024K)]
  0x000001ede03128e0 ConcurrentGCThread "G1 Main Marker"            [id=10496, stack(0x00000082ff000000,0x00000082ff100000) (1024K)]
  0x000001ede0314d50 WorkerThread "G1 Conc#0"                       [id=5484, stack(0x00000082ff100000,0x00000082ff200000) (1024K)]
  0x000001ede036fef0 ConcurrentGCThread "G1 Refine#0"               [id=4836, stack(0x00000082ff200000,0x00000082ff300000) (1024K)]
  0x000001ede0370680 ConcurrentGCThread "G1 Service"                [id=4508, stack(0x00000082ff300000,0x00000082ff400000) (1024K)]
Total: 10

Threads with active compile tasks:
C2 CompilerThread0  58422 5259       4       java.util.TreeMap::put (221 bytes)
Total: 1

VM state: not at safepoint (normal execution)

VM Mutex/Monitor currently owned by a thread: None

Heap address: 0x00000000c2800000, size: 984 MB, Compressed Oops mode: 32-bit

CDS archive(s) mapped at: [0x000001ed80000000-0x000001ed80c60000-0x000001ed80c60000), size 12976128, SharedBaseAddress: 0x000001ed80000000, ArchiveRelocationMode: 1.
Compressed class space mapped at: 0x000001ed81000000-0x000001edc1000000, reserved size: 1073741824
Narrow klass base: 0x000001ed80000000, Narrow klass shift: 0, Narrow klass range: 0x41000000

GC Precious Log:
 CardTable entry size: 512
 Card Set container configuration: InlinePtr #cards 5 size 8 Array Of Cards #cards 12 size 40 Howl #buckets 4 coarsen threshold 1843 Howl Bitmap #cards 512 size 80 coarsen threshold 460 Card regions per heap region 1 cards per card region 2048
 CPUs: 4 total, 4 available
 Memory: 3930M
 Large Page Support: Disabled
 NUMA Support: Disabled
 Compressed Oops: Enabled (32-bit)
 Heap Region Size: 1M
 Heap Min Capacity: 8M
 Heap Initial Capacity: 62M
 Heap Max Capacity: 984M
 Pre-touch: Disabled
 Parallel Workers: 4
 Concurrent Workers: 1
 Concurrent Refinement Workers: 4
 Periodic GC: Disabled

Heap:
 garbage-first heap   total reserved 1007616K, committed 30720K, used 23198K [0x00000000c2800000, 0x0000000100000000)
  region size 1024K, 7 young (7168K), 1 survivors (1024K)
 Metaspace       used 39148K, committed 39552K, reserved 1114112K
  class space    used 4939K, committed 5120K, reserved 1048576K

Heap Regions: E=young(eden), S=young(survivor), O=old, HS=humongous(starts), HC=humongous(continues), CS=collection set, F=free, TAMS=top-at-mark-start, PB=parsable bottom
|   0|0x00000000c2800000, 0x00000000c2900000, 0x00000000c2900000|100%|HS|  |TAMS 0x00000000c2800000| PB 0x00000000c2800000| Complete |  0
|   1|0x00000000c2900000, 0x00000000c2a00000, 0x00000000c2a00000|100%| O|  |TAMS 0x00000000c2900000| PB 0x00000000c2900000| Untracked |  0
|   2|0x00000000c2a00000, 0x00000000c2b00000, 0x00000000c2b00000|100%| O|  |TAMS 0x00000000c2a00000| PB 0x00000000c2a00000| Untracked |  0
|   3|0x00000000c2b00000, 0x00000000c2c00000, 0x00000000c2c00000|100%| O|  |TAMS 0x00000000c2b00000| PB 0x00000000c2b00000| Untracked |  0
|   4|0x00000000c2c00000, 0x00000000c2d00000, 0x00000000c2d00000|100%| O|  |TAMS 0x00000000c2c00000| PB 0x00000000c2c00000| Untracked |  0
|   5|0x00000000c2d00000, 0x00000000c2e00000, 0x00000000c2e00000|100%| O|  |TAMS 0x00000000c2d00000| PB 0x00000000c2d00000| Untracked |  0
|   6|0x00000000c2e00000, 0x00000000c2f00000, 0x00000000c2f00000|100%| O|  |TAMS 0x00000000c2e00000| PB 0x00000000c2e00000| Untracked |  0
|   7|0x00000000c2f00000, 0x00000000c3000000, 0x00000000c3000000|100%| O|  |TAMS 0x00000000c2f00000| PB 0x00000000c2f00000| Untracked |  0
|   8|0x00000000c3000000, 0x00000000c3100000, 0x00000000c3100000|100%| O|  |TAMS 0x00000000c3000000| PB 0x00000000c3000000| Untracked |  0
|   9|0x00000000c3100000, 0x00000000c3200000, 0x00000000c3200000|100%| O|  |TAMS 0x00000000c3100000| PB 0x00000000c3100000| Untracked |  0
|  10|0x00000000c3200000, 0x00000000c3300000, 0x00000000c3300000|100%| O|  |TAMS 0x00000000c3200000| PB 0x00000000c3200000| Untracked |  0
|  11|0x00000000c3300000, 0x00000000c3400000, 0x00000000c3400000|100%| O|  |TAMS 0x00000000c3300000| PB 0x00000000c3300000| Untracked |  0
|  12|0x00000000c3400000, 0x00000000c3500000, 0x00000000c3500000|100%| O|  |TAMS 0x00000000c3400000| PB 0x00000000c3400000| Untracked |  0
|  13|0x00000000c3500000, 0x00000000c3600000, 0x00000000c3600000|100%| O|  |TAMS 0x00000000c3500000| PB 0x00000000c3500000| Untracked |  0
|  14|0x00000000c3600000, 0x00000000c3600000, 0x00000000c3700000|  0%| F|  |TAMS 0x00000000c3600000| PB 0x00000000c3600000| Untracked |  0
|  15|0x00000000c3700000, 0x00000000c3800000, 0x00000000c3800000|100%| O|  |TAMS 0x00000000c3700000| PB 0x00000000c3700000| Untracked |  0
|  16|0x00000000c3800000, 0x00000000c3900000, 0x00000000c3900000|100%|HS|  |TAMS 0x00000000c3800000| PB 0x00000000c3800000| Complete |  0
|  17|0x00000000c3900000, 0x00000000c3900000, 0x00000000c3a00000|  0%| F|  |TAMS 0x00000000c3900000| PB 0x00000000c3900000| Untracked |  0
|  18|0x00000000c3a00000, 0x00000000c3af3fb8, 0x00000000c3b00000| 95%| O|  |TAMS 0x00000000c3a00000| PB 0x00000000c3a00000| Untracked |  0
|  19|0x00000000c3b00000, 0x00000000c3b00000, 0x00000000c3c00000|  0%| F|  |TAMS 0x00000000c3b00000| PB 0x00000000c3b00000| Untracked |  0
|  20|0x00000000c3c00000, 0x00000000c3cb3910, 0x00000000c3d00000| 70%| S|CS|TAMS 0x00000000c3c00000| PB 0x00000000c3c00000| Complete |  0
|  21|0x00000000c3d00000, 0x00000000c3d00000, 0x00000000c3e00000|  0%| F|  |TAMS 0x00000000c3d00000| PB 0x00000000c3d00000| Untracked |  0
|  22|0x00000000c3e00000, 0x00000000c3e00000, 0x00000000c3f00000|  0%| F|  |TAMS 0x00000000c3e00000| PB 0x00000000c3e00000| Untracked |  0
|  23|0x00000000c3f00000, 0x00000000c3f00000, 0x00000000c4000000|  0%| F|  |TAMS 0x00000000c3f00000| PB 0x00000000c3f00000| Untracked |  0
|  24|0x00000000c4000000, 0x00000000c404e498, 0x00000000c4100000| 30%| E|  |TAMS 0x00000000c4000000| PB 0x00000000c4000000| Complete |  0
|  25|0x00000000c4100000, 0x00000000c4200000, 0x00000000c4200000|100%| E|CS|TAMS 0x00000000c4100000| PB 0x00000000c4100000| Complete |  0
|  46|0x00000000c5600000, 0x00000000c5700000, 0x00000000c5700000|100%| E|CS|TAMS 0x00000000c5600000| PB 0x00000000c5600000| Complete |  0
|  47|0x00000000c5700000, 0x00000000c5800000, 0x00000000c5800000|100%| E|CS|TAMS 0x00000000c5700000| PB 0x00000000c5700000| Complete |  0
|  48|0x00000000c5800000, 0x00000000c5900000, 0x00000000c5900000|100%| E|CS|TAMS 0x00000000c5800000| PB 0x00000000c5800000| Complete |  0
|  61|0x00000000c6500000, 0x00000000c6600000, 0x00000000c6600000|100%| E|CS|TAMS 0x00000000c6500000| PB 0x00000000c6500000| Complete |  0

Card table byte_map: [0x000001edf7810000,0x000001edf7a00000] _byte_map_base: 0x000001edf71fc000

Marking Bits: (CMBitMap*) 0x000001ede03094f0
 Bits: [0x000001edf7a00000, 0x000001edf8960000)

Polling page: 0x000001edde2b0000

Metaspace:

Usage:
  Non-class:     33.41 MB used.
      Class:      4.82 MB used.
       Both:     38.23 MB used.

Virtual space:
  Non-class space:       64.00 MB reserved,      33.62 MB ( 53%) committed,  1 nodes.
      Class space:        1.00 GB reserved,       5.00 MB ( <1%) committed,  1 nodes.
             Both:        1.06 GB reserved,      38.62 MB (  4%) committed. 

Chunk freelists:
   Non-Class:  13.98 MB
       Class:  11.03 MB
        Both:  25.02 MB

MaxMetaspaceSize: unlimited
CompressedClassSpaceSize: 1.00 GB
Initial GC threshold: 21.00 MB
Current GC threshold: 63.12 MB
CDS: on
 - commit_granule_bytes: 65536.
 - commit_granule_words: 8192.
 - virtual_space_node_default_size: 8388608.
 - enlarge_chunks_in_place: 1.
 - use_allocation_guard: 0.


Internal statistics:

num_allocs_failed_limit: 6.
num_arena_births: 324.
num_arena_deaths: 0.
num_vsnodes_births: 2.
num_vsnodes_deaths: 0.
num_space_committed: 618.
num_space_uncommitted: 0.
num_chunks_returned_to_freelist: 6.
num_chunks_taken_from_freelist: 1150.
num_chunk_merges: 6.
num_chunk_splits: 826.
num_chunks_enlarged: 642.
num_inconsistent_stats: 0.

CodeHeap 'non-profiled nmethods': size=120000Kb used=2326Kb max_used=2326Kb free=117673Kb
 bounds [0x000001edf00f0000, 0x000001edf0360000, 0x000001edf7620000]
CodeHeap 'profiled nmethods': size=120000Kb used=9939Kb max_used=9939Kb free=110060Kb
 bounds [0x000001ede8620000, 0x000001ede8fe0000, 0x000001edefb50000]
CodeHeap 'non-nmethods': size=5760Kb used=1845Kb max_used=1873Kb free=3914Kb
 bounds [0x000001edefb50000, 0x000001edefdc0000, 0x000001edf00f0000]
 total_blobs=5977 nmethods=5141 adapters=739
 compilation: enabled
              stopped_count=0, restarted_count=0
 full_count=0

Compilation events (20 events):
Event: 57.976 Thread 0x000001edc11533a0 5312       1       org.hibernate.boot.model.relational.Database::getDefaultNamespace (5 bytes)
Event: 57.976 Thread 0x000001edc11533a0 nmethod 5312 0x000001edf0331a10 code [0x000001edf0331ba0, 0x000001edf0331c68]
Event: 57.979 Thread 0x000001edc11533a0 5314       3       org.hibernate.mapping.Property::getType (10 bytes)
Event: 57.980 Thread 0x000001edc11533a0 nmethod 5314 0x000001ede8f94410 code [0x000001ede8f945c0, 0x000001ede8f94798]
Event: 57.980 Thread 0x000001edc11533a0 5315       3       org.hibernate.annotations.common.reflection.java.JavaXMethod::<init> (33 bytes)
Event: 57.980 Thread 0x000001edc11533a0 nmethod 5315 0x000001ede8f94890 code [0x000001ede8f94a60, 0x000001ede8f94f68]
Event: 57.986 Thread 0x000001edc11533a0 5316       3       org.hibernate.boot.internal.InFlightMetadataCollectorImpl::getTypeResolver (13 bytes)
Event: 57.986 Thread 0x000001edc11533a0 nmethod 5316 0x000001ede8f95090 code [0x000001ede8f95240, 0x000001ede8f953f0]
Event: 57.986 Thread 0x000001edc11533a0 5317       3       org.hibernate.mapping.SimpleValue::getColumnInsertability (8 bytes)
Event: 57.986 Thread 0x000001edc11533a0 nmethod 5317 0x000001ede8f95510 code [0x000001ede8f956c0, 0x000001ede8f957f8]
Event: 57.986 Thread 0x000001edc11533a0 5318       3       java.lang.Class::asSubclass (22 bytes)
Event: 57.987 Thread 0x000001edc11533a0 nmethod 5318 0x000001ede8f95890 code [0x000001ede8f95a60, 0x000001ede8f95cd8]
Event: 57.987 Thread 0x000001edc11533a0 5319       3       org.hibernate.mapping.Property::getGetter (21 bytes)
Event: 57.987 Thread 0x000001edc11533a0 nmethod 5319 0x000001ede8f95e10 code [0x000001ede8f95fe0, 0x000001ede8f962f8]
Event: 57.987 Thread 0x000001edc11533a0 5320       3       org.hibernate.mapping.Property::getSetter (21 bytes)
Event: 57.988 Thread 0x000001edc11533a0 nmethod 5320 0x000001ede8f96490 code [0x000001ede8f96660, 0x000001ede8f96978]
Event: 57.988 Thread 0x000001edc11533a0 5321       1       org.hibernate.property.access.spi.GetterFieldImpl::getMethod (5 bytes)
Event: 57.988 Thread 0x000001edc11533a0 nmethod 5321 0x000001edf0331d10 code [0x000001edf0331ea0, 0x000001edf0331f68]
Event: 57.988 Thread 0x000001edc11533a0 5322       1       org.hibernate.property.access.spi.SetterFieldImpl::getMethod (5 bytes)
Event: 57.988 Thread 0x000001edc11533a0 nmethod 5322 0x000001edf0332010 code [0x000001edf03321a0, 0x000001edf0332268]

GC Heap History (20 events):
Event: 4.027 GC heap before
{Heap before GC invocations=1 (full 0):
 garbage-first heap   total reserved 1007616K, committed 63488K, used 20304K [0x00000000c2800000, 0x0000000100000000)
  region size 1024K, 16 young (16384K), 2 survivors (2048K)
 Metaspace       used 16720K, committed 16960K, reserved 1114112K
  class space    used 2092K, committed 2240K, reserved 1048576K
}
Event: 4.039 GC heap after
{Heap after GC invocations=2 (full 0):
 garbage-first heap   total reserved 1007616K, committed 63488K, used 7278K [0x00000000c2800000, 0x0000000100000000)
  region size 1024K, 2 young (2048K), 2 survivors (2048K)
 Metaspace       used 16720K, committed 16960K, reserved 1114112K
  class space    used 2092K, committed 2240K, reserved 1048576K
}
Event: 5.671 GC heap before
{Heap before GC invocations=2 (full 0):
 garbage-first heap   total reserved 1007616K, committed 63488K, used 18542K [0x00000000c2800000, 0x0000000100000000)
  region size 1024K, 15 young (15360K), 2 survivors (2048K)
 Metaspace       used 21322K, committed 21504K, reserved 1114112K
  class space    used 2659K, committed 2752K, reserved 1048576K
}
Event: 5.679 GC heap after
{Heap after GC invocations=3 (full 0):
 garbage-first heap   total reserved 1007616K, committed 63488K, used 9142K [0x00000000c2800000, 0x0000000100000000)
  region size 1024K, 3 young (3072K), 3 survivors (3072K)
 Metaspace       used 21322K, committed 21504K, reserved 1114112K
  class space    used 2659K, committed 2752K, reserved 1048576K
}
Event: 7.072 GC heap before
{Heap before GC invocations=4 (full 0):
 garbage-first heap   total reserved 1007616K, committed 30720K, used 24502K [0x00000000c2800000, 0x0000000100000000)
  region size 1024K, 18 young (18432K), 3 survivors (3072K)
 Metaspace       used 25815K, committed 26048K, reserved 1114112K
  class space    used 3282K, committed 3392K, reserved 1048576K
}
Event: 7.083 GC heap after
{Heap after GC invocations=5 (full 0):
 garbage-first heap   total reserved 1007616K, committed 30720K, used 10040K [0x00000000c2800000, 0x0000000100000000)
  region size 1024K, 1 young (1024K), 1 survivors (1024K)
 Metaspace       used 25815K, committed 26048K, reserved 1114112K
  class space    used 3282K, committed 3392K, reserved 1048576K
}
Event: 8.338 GC heap before
{Heap before GC invocations=5 (full 0):
 garbage-first heap   total reserved 1007616K, committed 30720K, used 22328K [0x00000000c2800000, 0x0000000100000000)
  region size 1024K, 13 young (13312K), 1 survivors (1024K)
 Metaspace       used 28332K, committed 28608K, reserved 1114112K
  class space    used 3741K, committed 3904K, reserved 1048576K
}
Event: 8.348 GC heap after
{Heap after GC invocations=6 (full 0):
 garbage-first heap   total reserved 1007616K, committed 30720K, used 10588K [0x00000000c2800000, 0x0000000100000000)
  region size 1024K, 2 young (2048K), 2 survivors (2048K)
 Metaspace       used 28332K, committed 28608K, reserved 1114112K
  class space    used 3741K, committed 3904K, reserved 1048576K
}
Event: 10.290 GC heap before
{Heap before GC invocations=6 (full 0):
 garbage-first heap   total reserved 1007616K, committed 30720K, used 22876K [0x00000000c2800000, 0x0000000100000000)
  region size 1024K, 14 young (14336K), 2 survivors (2048K)
 Metaspace       used 33068K, committed 33408K, reserved 1114112K
  class space    used 4356K, committed 4544K, reserved 1048576K
}
Event: 10.296 GC heap after
{Heap after GC invocations=7 (full 0):
 garbage-first heap   total reserved 1007616K, committed 30720K, used 11393K [0x00000000c2800000, 0x0000000100000000)
  region size 1024K, 2 young (2048K), 2 survivors (2048K)
 Metaspace       used 33068K, committed 33408K, reserved 1114112K
  class space    used 4356K, committed 4544K, reserved 1048576K
}
Event: 20.469 GC heap before
{Heap before GC invocations=7 (full 0):
 garbage-first heap   total reserved 1007616K, committed 30720K, used 18561K [0x00000000c2800000, 0x0000000100000000)
  region size 1024K, 11 young (11264K), 2 survivors (2048K)
 Metaspace       used 35800K, committed 36160K, reserved 1114112K
  class space    used 4641K, committed 4864K, reserved 1048576K
}
Event: 20.476 GC heap after
{Heap after GC invocations=8 (full 0):
 garbage-first heap   total reserved 1007616K, committed 30720K, used 12549K [0x00000000c2800000, 0x0000000100000000)
  region size 1024K, 2 young (2048K), 2 survivors (2048K)
 Metaspace       used 35800K, committed 36160K, reserved 1114112K
  class space    used 4641K, committed 4864K, reserved 1048576K
}
Event: 23.432 GC heap before
{Heap before GC invocations=9 (full 0):
 garbage-first heap   total reserved 1007616K, committed 30720K, used 23813K [0x00000000c2800000, 0x0000000100000000)
  region size 1024K, 13 young (13312K), 2 survivors (2048K)
 Metaspace       used 37008K, committed 37376K, reserved 1114112K
  class space    used 4763K, committed 4928K, reserved 1048576K
}
Event: 23.439 GC heap after
{Heap after GC invocations=10 (full 0):
 garbage-first heap   total reserved 1007616K, committed 30720K, used 14243K [0x00000000c2800000, 0x0000000100000000)
  region size 1024K, 2 young (2048K), 2 survivors (2048K)
 Metaspace       used 37008K, committed 37376K, reserved 1114112K
  class space    used 4763K, committed 4928K, reserved 1048576K
}
Event: 28.394 GC heap before
{Heap before GC invocations=10 (full 0):
 garbage-first heap   total reserved 1007616K, committed 30720K, used 23459K [0x00000000c2800000, 0x0000000100000000)
  region size 1024K, 12 young (12288K), 2 survivors (2048K)
 Metaspace       used 37863K, committed 38208K, reserved 1114112K
  class space    used 4848K, committed 4992K, reserved 1048576K
}
Event: 28.402 GC heap after
{Heap after GC invocations=11 (full 0):
 garbage-first heap   total reserved 1007616K, committed 30720K, used 15923K [0x00000000c2800000, 0x0000000100000000)
  region size 1024K, 2 young (2048K), 2 survivors (2048K)
 Metaspace       used 37863K, committed 38208K, reserved 1114112K
  class space    used 4848K, committed 4992K, reserved 1048576K
}
Event: 33.375 GC heap before
{Heap before GC invocations=11 (full 0):
 garbage-first heap   total reserved 1007616K, committed 30720K, used 25139K [0x00000000c2800000, 0x0000000100000000)
  region size 1024K, 11 young (11264K), 2 survivors (2048K)
 Metaspace       used 38395K, committed 38784K, reserved 1114112K
  class space    used 4903K, committed 5056K, reserved 1048576K
}
Event: 33.383 GC heap after
{Heap after GC invocations=12 (full 0):
 garbage-first heap   total reserved 1007616K, committed 30720K, used 16817K [0x00000000c2800000, 0x0000000100000000)
  region size 1024K, 2 young (2048K), 2 survivors (2048K)
 Metaspace       used 38395K, committed 38784K, reserved 1114112K
  class space    used 4903K, committed 5056K, reserved 1048576K
}
Event: 43.701 GC heap before
{Heap before GC invocations=13 (full 0):
 garbage-first heap   total reserved 1007616K, committed 30720K, used 26033K [0x00000000c2800000, 0x0000000100000000)
  region size 1024K, 10 young (10240K), 2 survivors (2048K)
 Metaspace       used 38601K, committed 38976K, reserved 1114112K
  class space    used 4905K, committed 5056K, reserved 1048576K
}
Event: 43.705 GC heap after
{Heap after GC invocations=14 (full 0):
 garbage-first heap   total reserved 1007616K, committed 30720K, used 17930K [0x00000000c2800000, 0x0000000100000000)
  region size 1024K, 1 young (1024K), 1 survivors (1024K)
 Metaspace       used 38601K, committed 38976K, reserved 1114112K
  class space    used 4905K, committed 5056K, reserved 1048576K
}

Dll operation events (13 events):
Event: 0.019 Loaded shared library E:\Users\gabri\Downloads\jdk-22\bin\java.dll
Event: 0.098 Loaded shared library E:\Users\gabri\Downloads\jdk-22\bin\jsvml.dll
Event: 0.262 Loaded shared library E:\Users\gabri\Downloads\jdk-22\bin\jimage.dll
Event: 0.278 Loaded shared library E:\Users\gabri\Downloads\jdk-22\bin\net.dll
Event: 0.283 Loaded shared library E:\Users\gabri\Downloads\jdk-22\bin\nio.dll
Event: 0.294 Loaded shared library E:\Users\gabri\Downloads\jdk-22\bin\zip.dll
Event: 0.473 Loaded shared library E:\Users\gabri\Downloads\jdk-22\bin\awt.dll
Event: 0.957 Loaded shared library E:\Users\gabri\Downloads\jdk-22\bin\freetype.dll
Event: 0.960 Loaded shared library E:\Users\gabri\Downloads\jdk-22\bin\fontmanager.dll
Event: 4.378 Loaded shared library E:\Users\gabri\Downloads\jdk-22\bin\extnet.dll
Event: 4.427 Loaded shared library E:\Users\gabri\Downloads\jdk-22\bin\management.dll
Event: 4.436 Loaded shared library E:\Users\gabri\Downloads\jdk-22\bin\management_ext.dll
Event: 7.377 Loaded shared library E:\Users\gabri\Downloads\jdk-22\bin\verify.dll

Deoptimization events (20 events):
Event: 46.025 Thread 0x000001edc113ce50 Uncommon trap: trap_request=0xffffff45 fr.pc=0x000001edf02a4684 relative=0x0000000000000da4
Event: 46.025 Thread 0x000001edc113ce50 Uncommon trap: reason=unstable_if action=reinterpret pc=0x000001edf02a4684 method=java.awt.Container.findComponentAtImpl(IIZ)Ljava/awt/Component; @ 131 c2
Event: 46.025 Thread 0x000001edc113ce50 DEOPT PACKING pc=0x000001edf02a4684 sp=0x00000082803fe460
Event: 46.025 Thread 0x000001edc113ce50 DEOPT UNPACKING pc=0x000001edefba469c sp=0x00000082803fe410 mode 2
Event: 52.651 Thread 0x000001edc113ce50 DEOPT PACKING pc=0x000001ede8f12b53 sp=0x00000082803fd0e0
Event: 52.651 Thread 0x000001edc113ce50 DEOPT UNPACKING pc=0x000001edefba4e23 sp=0x00000082803fc4e0 mode 0
Event: 52.811 Thread 0x000001edc113ce50 Uncommon trap: trap_request=0xffffff45 fr.pc=0x000001edf017edb8 relative=0x0000000000000198
Event: 52.811 Thread 0x000001edc113ce50 Uncommon trap: reason=unstable_if action=reinterpret pc=0x000001edf017edb8 method=java.util.concurrent.locks.ReentrantLock$NonfairSync.initialTryLock()Z @ 25 c2
Event: 52.811 Thread 0x000001edc113ce50 DEOPT PACKING pc=0x000001edf017edb8 sp=0x00000082803fdc30
Event: 52.811 Thread 0x000001edc113ce50 DEOPT UNPACKING pc=0x000001edefba469c sp=0x00000082803fdab8 mode 2
Event: 52.811 Thread 0x000001edc113ce50 Uncommon trap: trap_request=0xffffff45 fr.pc=0x000001edf017f260 relative=0x0000000000000120
Event: 52.811 Thread 0x000001edc113ce50 Uncommon trap: reason=unstable_if action=reinterpret pc=0x000001edf017f260 method=java.util.concurrent.locks.ReentrantLock$Sync.tryRelease(I)Z @ 26 c2
Event: 52.811 Thread 0x000001edc113ce50 DEOPT PACKING pc=0x000001edf017f260 sp=0x00000082803fdc30
Event: 52.811 Thread 0x000001edc113ce50 DEOPT UNPACKING pc=0x000001edefba469c sp=0x00000082803fdab0 mode 2
Event: 54.396 Thread 0x000001edc113ce50 DEOPT PACKING pc=0x000001ede8f1304d sp=0x00000082803fd1f0
Event: 54.396 Thread 0x000001edc113ce50 DEOPT UNPACKING pc=0x000001edefba4e23 sp=0x00000082803fc5e8 mode 0
Event: 57.533 Thread 0x000001edc113ce50 Uncommon trap: trap_request=0xffffffcc fr.pc=0x000001edf0321368 relative=0x00000000000002a8
Event: 57.533 Thread 0x000001edc113ce50 Uncommon trap: reason=intrinsic_or_type_checked_inlining action=make_not_entrant pc=0x000001edf0321368 method=java.util.Arrays.copyOf([Ljava/lang/Object;ILjava/lang/Class;)[Ljava/lang/Object; @ 35 c2
Event: 57.533 Thread 0x000001edc113ce50 DEOPT PACKING pc=0x000001edf0321368 sp=0x00000082803fd920
Event: 57.533 Thread 0x000001edc113ce50 DEOPT UNPACKING pc=0x000001edefba469c sp=0x00000082803fd8c8 mode 2

Classes loaded (20 events):
Event: 46.008 Loading class javax/swing/PopupFactory$ContainerPopup done
Event: 46.008 Loading class javax/swing/PopupFactory$LightWeightPopup done
Event: 46.011 Loading class javax/swing/JApplet
Event: 46.012 Loading class javax/swing/JApplet done
Event: 46.037 Loading class com/sun/java/swing/SwingUtilities3$UnscaledBorderPainter
Event: 46.037 Loading class com/sun/java/swing/SwingUtilities3$UnscaledBorderPainter done
Event: 46.041 Loading class java/awt/geom/RectIterator
Event: 46.041 Loading class java/awt/geom/RectIterator done
Event: 46.079 Loading class sun/awt/UngrabEvent
Event: 46.079 Loading class sun/awt/UngrabEvent done
Event: 47.007 Loading class javax/swing/plaf/basic/BasicPopupMenuUI$MouseGrabber$2
Event: 47.007 Loading class javax/swing/plaf/basic/BasicPopupMenuUI$MouseGrabber$2 done
Event: 49.477 Loading class javax/swing/text/GapContent$RemoveUndo
Event: 49.477 Loading class javax/swing/text/GapContent$RemoveUndo done
Event: 49.604 Loading class javax/swing/text/GapContent$UndoPosRef
Event: 49.605 Loading class javax/swing/text/GapContent$UndoPosRef done
Event: 52.819 Loading class java/util/concurrent/ConcurrentLinkedQueue$Itr
Event: 52.820 Loading class java/util/concurrent/ConcurrentLinkedQueue$Itr done
Event: 54.315 Loading class java/awt/geom/Path2D$Float$TxIterator
Event: 54.315 Loading class java/awt/geom/Path2D$Float$TxIterator done

Classes unloaded (0 events):
No events

Classes redefined (0 events):
No events

Internal exceptions (20 events):
Event: 6.320 Thread 0x000001edc113ce50 Exception <a 'java/lang/NoSuchMethodError'{0x00000000c3c72778}: 'int java.lang.invoke.DirectMethodHandle$Holder.invokeSpecial(java.lang.Object, java.lang.Object, java.lang.Object, int)'> (0x00000000c3c72778) 
thrown [s\open\src\hotspot\share\interpreter\linkResolver.cpp, line 774]
Event: 6.324 Thread 0x000001edc113ce50 Exception <a 'java/lang/NoSuchMethodError'{0x00000000c3c84f80}: 'java.lang.Object java.lang.invoke.DirectMethodHandle$Holder.invokeStatic(java.lang.Object, java.lang.Object, java.lang.Object, java.lang.Object, int)'> (0x00000000c3c84f80) 
thrown [s\open\src\hotspot\share\interpreter\linkResolver.cpp, line 774]
Event: 6.754 Thread 0x000001edc113ce50 Exception <a 'java/lang/NoSuchMethodError'{0x00000000c37b3c90}: 'void java.lang.invoke.DirectMethodHandle$Holder.invokeSpecial(java.lang.Object, java.lang.Object, java.lang.Object, java.lang.Object, java.lang.Object)'> (0x00000000c37b3c90) 
thrown [s\open\src\hotspot\share\interpreter\linkResolver.cpp, line 774]
Event: 7.440 Thread 0x000001edc113ce50 Exception <a 'java/lang/NoSuchMethodError'{0x00000000c566a358}: 'int java.lang.invoke.DirectMethodHandle$Holder.invokeInterface(java.lang.Object, java.lang.Object)'> (0x00000000c566a358) 
thrown [s\open\src\hotspot\share\interpreter\linkResolver.cpp, line 774]
Event: 7.952 Thread 0x000001edc113ce50 Exception <a 'java/lang/NoSuchMethodError'{0x00000000c3ec36a0}: 'java.lang.Object java.lang.invoke.Invokers$Holder.invokeExact_MT(java.lang.Object, java.lang.Object, java.lang.Object, java.lang.Object, java.lang.Object)'> (0x00000000c3ec36a0) 
thrown [s\open\src\hotspot\share\interpreter\linkResolver.cpp, line 774]
Event: 8.497 Thread 0x000001edc113ce50 Exception <a 'java/lang/NoSuchMethodError'{0x00000000c58f55a8}: 'void java.lang.invoke.DirectMethodHandle$Holder.invokeInterface(java.lang.Object, java.lang.Object)'> (0x00000000c58f55a8) 
thrown [s\open\src\hotspot\share\interpreter\linkResolver.cpp, line 774]
Event: 8.809 Thread 0x000001edc113ce50 Exception <a 'java/lang/NoSuchMethodError'{0x00000000c40b2a58}: 'void java.lang.invoke.Invokers$Holder.invokeExact_MT(java.lang.Object, java.lang.Object, java.lang.Object)'> (0x00000000c40b2a58) 
thrown [s\open\src\hotspot\share\interpreter\linkResolver.cpp, line 774]
Event: 9.432 Thread 0x000001edc113ce50 Exception <a 'java/lang/NoSuchMethodError'{0x00000000c3c697b8}: 'void java.lang.invoke.DirectMethodHandle$Holder.invokeStatic(java.lang.Object, int, java.lang.Object)'> (0x00000000c3c697b8) 
thrown [s\open\src\hotspot\share\interpreter\linkResolver.cpp, line 774]
Event: 9.433 Thread 0x000001edc113ce50 Exception <a 'java/lang/NoSuchMethodError'{0x00000000c3c6cdc8}: 'void java.lang.invoke.DirectMethodHandle$Holder.invokeStaticInit(java.lang.Object, int, java.lang.Object)'> (0x00000000c3c6cdc8) 
thrown [s\open\src\hotspot\share\interpreter\linkResolver.cpp, line 774]
Event: 9.442 Thread 0x000001edc113ce50 Exception <a 'java/lang/NoSuchMethodError'{0x00000000c3c7f360}: 'java.lang.Object java.lang.invoke.DirectMethodHandle$Holder.invokeInterface(java.lang.Object, java.lang.Object, java.lang.Object)'> (0x00000000c3c7f360) 
thrown [s\open\src\hotspot\share\interpreter\linkResolver.cpp, line 774]
Event: 9.611 Thread 0x000001edc113ce50 Exception <a 'java/lang/NoSuchMethodError'{0x00000000c3a2f5d0}: 'void java.lang.invoke.DirectMethodHandle$Holder.invokeStatic(java.lang.Object, java.lang.Object, java.lang.Object, java.lang.Object)'> (0x00000000c3a2f5d0) 
thrown [s\open\src\hotspot\share\interpreter\linkResolver.cpp, line 774]
Event: 10.009 Thread 0x000001edc113ce50 Exception <a 'java/lang/NoSuchMethodError'{0x00000000c3a95cb8}: 'void java.lang.invoke.DirectMethodHandle$Holder.invokeStaticInit(java.lang.Object)'> (0x00000000c3a95cb8) 
thrown [s\open\src\hotspot\share\interpreter\linkResolver.cpp, line 774]
Event: 20.460 Thread 0x000001edc113ce50 Exception <a 'java/lang/NoSuchMethodError'{0x00000000c3d196c0}: 'void java.lang.invoke.Invokers$Holder.invokeExact_MT(java.lang.Object, java.lang.Object, java.lang.Object, java.lang.Object)'> (0x00000000c3d196c0) 
thrown [s\open\src\hotspot\share\interpreter\linkResolver.cpp, line 774]
Event: 22.436 Thread 0x000001edc113ce50 Implicit null exception at 0x000001edf02473e7 to 0x000001edf0247962
Event: 22.437 Thread 0x000001edc113ce50 Implicit null exception at 0x000001edf02424e5 to 0x000001edf0242bab
Event: 22.437 Thread 0x000001edc113ce50 Implicit null exception at 0x000001edf02473e7 to 0x000001edf0247962
Event: 22.437 Thread 0x000001edc113ce50 Implicit null exception at 0x000001edf02424e5 to 0x000001edf0242bab
Event: 22.437 Thread 0x000001edc113ce50 Implicit null exception at 0x000001edf02473e7 to 0x000001edf0247962
Event: 27.193 Thread 0x000001edc113ce50 Exception <a 'java/lang/NoSuchMethodError'{0x00000000c3d9f660}: 'int java.lang.invoke.DirectMethodHandle$Holder.invokeStatic(java.lang.Object)'> (0x00000000c3d9f660) 
thrown [s\open\src\hotspot\share\interpreter\linkResolver.cpp, line 774]
Event: 28.446 Thread 0x000001edc113ce50 Exception <a 'java/lang/ClassNotFoundException'{0x00000000c651ff50}: sun/util/logging/resources/spi/loggingProvider> (0x00000000c651ff50) 
thrown [s\open\src\hotspot\share\classfile\systemDictionary.cpp, line 313]

ZGC Phase Switch (0 events):
No events

VM Operations (20 events):
Event: 46.013 Executing VM operation: HandshakeAllThreads (Deoptimize)
Event: 46.013 Executing VM operation: HandshakeAllThreads (Deoptimize) done
Event: 47.026 Executing VM operation: Cleanup
Event: 47.026 Executing VM operation: Cleanup done
Event: 48.029 Executing VM operation: Cleanup
Event: 48.029 Executing VM operation: Cleanup done
Event: 49.045 Executing VM operation: Cleanup
Event: 49.045 Executing VM operation: Cleanup done
Event: 52.082 Executing VM operation: Cleanup
Event: 52.082 Executing VM operation: Cleanup done
Event: 53.083 Executing VM operation: Cleanup
Event: 53.083 Executing VM operation: Cleanup done
Event: 54.111 Executing VM operation: Cleanup
Event: 54.111 Executing VM operation: Cleanup done
Event: 54.317 Executing VM operation: HandshakeAllThreads (Deoptimize)
Event: 54.317 Executing VM operation: HandshakeAllThreads (Deoptimize) done
Event: 55.326 Executing VM operation: Cleanup
Event: 55.326 Executing VM operation: Cleanup done
Event: 56.337 Executing VM operation: Cleanup
Event: 56.337 Executing VM operation: Cleanup done

Events (20 events):
Event: 33.442 Thread 0x000001ede0395e50 flushing nmethod 0x000001ede8767e10
Event: 33.442 Thread 0x000001ede0395e50 flushing nmethod 0x000001ede876f510
Event: 33.442 Thread 0x000001ede0395e50 flushing nmethod 0x000001ede87ee090
Event: 33.442 Thread 0x000001ede0395e50 flushing nmethod 0x000001ede87f0e10
Event: 33.442 Thread 0x000001ede0395e50 flushing nmethod 0x000001ede87f1490
Event: 33.442 Thread 0x000001ede0395e50 flushing nmethod 0x000001ede87f3010
Event: 33.442 Thread 0x000001ede0395e50 flushing nmethod 0x000001ede87f3890
Event: 33.442 Thread 0x000001ede0395e50 flushing nmethod 0x000001ede87fc310
Event: 33.442 Thread 0x000001ede0395e50 flushing nmethod 0x000001ede87fcd90
Event: 33.442 Thread 0x000001ede0395e50 flushing nmethod 0x000001ede8846190
Event: 33.442 Thread 0x000001ede0395e50 flushing nmethod 0x000001ede8882f90
Event: 33.442 Thread 0x000001ede0395e50 flushing nmethod 0x000001ede8883b90
Event: 33.442 Thread 0x000001ede0395e50 flushing nmethod 0x000001ede8884090
Event: 33.442 Thread 0x000001ede0395e50 flushing nmethod 0x000001ede8886110
Event: 33.442 Thread 0x000001ede0395e50 flushing nmethod 0x000001ede88c2590
Event: 33.442 Thread 0x000001ede0395e50 flushing nmethod 0x000001ede89f6190
Event: 33.442 Thread 0x000001ede0395e50 flushing nmethod 0x000001ede8a52910
Event: 33.442 Thread 0x000001ede0395e50 flushing nmethod 0x000001ede8a52c90
Event: 52.819 Thread 0x000001edc6738de0 Thread exited: 0x000001edc6738de0
Event: 57.841 Thread 0x000001edc6738de0 Thread added: 0x000001edc6738de0


Dynamic libraries:
0x00007ff62ae90000 - 0x00007ff62aea0000 	E:\Users\gabri\Downloads\jdk-22\bin\java.exe
0x00007ffb26af0000 - 0x00007ffb26ce8000 	C:\Windows\SYSTEM32\ntdll.dll
0x00007ffb25570000 - 0x00007ffb2562d000 	C:\Windows\System32\KERNEL32.DLL
0x00007ffb241f0000 - 0x00007ffb244e6000 	C:\Windows\System32\KERNELBASE.dll
0x00007ffb24850000 - 0x00007ffb24950000 	C:\Windows\System32\ucrtbase.dll
0x00007ffb1e350000 - 0x00007ffb1e36b000 	E:\Users\gabri\Downloads\jdk-22\bin\VCRUNTIME140.dll
0x00007ffb208a0000 - 0x00007ffb208b7000 	E:\Users\gabri\Downloads\jdk-22\bin\jli.dll
0x00007ffb26720000 - 0x00007ffb267d3000 	C:\Windows\System32\ADVAPI32.dll
0x00007ffb25390000 - 0x00007ffb2542e000 	C:\Windows\System32\msvcrt.dll
0x00007ffb24b70000 - 0x00007ffb24c0f000 	C:\Windows\System32\sechost.dll
0x00007ffb26540000 - 0x00007ffb26666000 	C:\Windows\System32\RPCRT4.dll
0x00007ffb24700000 - 0x00007ffb24727000 	C:\Windows\System32\bcrypt.dll
0x00007ffb26950000 - 0x00007ffb26aee000 	C:\Windows\System32\USER32.dll
0x00007ffb24950000 - 0x00007ffb24972000 	C:\Windows\System32\win32u.dll
0x00007ffb24c10000 - 0x00007ffb24c3b000 	C:\Windows\System32\GDI32.dll
0x00007ffb157b0000 - 0x00007ffb15a4a000 	C:\Windows\WinSxS\amd64_microsoft.windows.common-controls_6595b64144ccf1df_6.0.19041.3636_none_60b6a03d71f818d5\COMCTL32.dll
0x00007ffb24730000 - 0x00007ffb24847000 	C:\Windows\System32\gdi32full.dll
0x00007ffb245a0000 - 0x00007ffb2463d000 	C:\Windows\System32\msvcp_win.dll
0x00007ffb14a10000 - 0x00007ffb14a1a000 	C:\Windows\SYSTEM32\VERSION.dll
0x00007ffb268b0000 - 0x00007ffb268e2000 	C:\Windows\System32\IMM32.DLL
0x00007ffb20830000 - 0x00007ffb2083c000 	E:\Users\gabri\Downloads\jdk-22\bin\vcruntime140_1.dll
0x00007ffb15b90000 - 0x00007ffb15c1e000 	E:\Users\gabri\Downloads\jdk-22\bin\msvcp140.dll
0x00007ffaf9570000 - 0x00007ffafa2b8000 	E:\Users\gabri\Downloads\jdk-22\bin\server\jvm.dll
0x00007ffb257b0000 - 0x00007ffb2581b000 	C:\Windows\System32\WS2_32.dll
0x00007ffb24050000 - 0x00007ffb2409b000 	C:\Windows\SYSTEM32\POWRPROF.dll
0x00007ffb0f0c0000 - 0x00007ffb0f0e7000 	C:\Windows\SYSTEM32\WINMM.dll
0x00007ffb24030000 - 0x00007ffb24042000 	C:\Windows\SYSTEM32\UMPDC.dll
0x00007ffb22230000 - 0x00007ffb22242000 	C:\Windows\SYSTEM32\kernel.appcore.dll
0x00007ffb1e320000 - 0x00007ffb1e32a000 	E:\Users\gabri\Downloads\jdk-22\bin\jimage.dll
0x00007ffb198c0000 - 0x00007ffb19aa4000 	C:\Windows\SYSTEM32\DBGHELP.DLL
0x00007ffb19880000 - 0x00007ffb198b4000 	C:\Windows\SYSTEM32\dbgcore.DLL
0x00007ffb24ae0000 - 0x00007ffb24b62000 	C:\Windows\System32\bcryptPrimitives.dll
0x00007ffb1d290000 - 0x00007ffb1d2ae000 	E:\Users\gabri\Downloads\jdk-22\bin\java.dll
0x00007ffb25820000 - 0x00007ffb25f65000 	C:\Windows\System32\SHELL32.dll
0x00007ffb25430000 - 0x00007ffb2555b000 	C:\Windows\System32\ole32.dll
0x00007ffb26030000 - 0x00007ffb26384000 	C:\Windows\System32\combase.dll
0x00007ffb22430000 - 0x00007ffb22bcc000 	C:\Windows\SYSTEM32\windows.storage.dll
0x00007ffb23ac0000 - 0x00007ffb23aee000 	C:\Windows\SYSTEM32\Wldp.dll
0x00007ffb267e0000 - 0x00007ffb268ad000 	C:\Windows\System32\OLEAUT32.dll
0x00007ffb26670000 - 0x00007ffb2671d000 	C:\Windows\System32\SHCORE.dll
0x00007ffb268f0000 - 0x00007ffb26945000 	C:\Windows\System32\shlwapi.dll
0x00007ffb24120000 - 0x00007ffb24145000 	C:\Windows\SYSTEM32\profapi.dll
0x00007ffb15dd0000 - 0x00007ffb15ea7000 	E:\Users\gabri\Downloads\jdk-22\bin\jsvml.dll
0x00007ffb1da00000 - 0x00007ffb1da10000 	E:\Users\gabri\Downloads\jdk-22\bin\net.dll
0x00007ffb23820000 - 0x00007ffb2388a000 	C:\Windows\system32\mswsock.dll
0x00007ffb160f0000 - 0x00007ffb16106000 	E:\Users\gabri\Downloads\jdk-22\bin\nio.dll
0x00007ffb15db0000 - 0x00007ffb15dc7000 	E:\Users\gabri\Downloads\jdk-22\bin\zip.dll
0x00007ffb15c20000 - 0x00007ffb15dae000 	E:\Users\gabri\Downloads\jdk-22\bin\awt.dll
0x00007ffb23e20000 - 0x00007ffb23eb0000 	C:\Windows\SYSTEM32\apphelp.dll
0x00007ffb21d60000 - 0x00007ffb21dfe000 	C:\Windows\system32\uxtheme.dll
0x00007ffb25630000 - 0x00007ffb25744000 	C:\Windows\System32\MSCTF.dll
0x00007ffb22120000 - 0x00007ffb2214f000 	C:\Windows\system32\DWMAPI.DLL
0x00007ffb153e0000 - 0x00007ffb15467000 	E:\Users\gabri\Downloads\jdk-22\bin\freetype.dll
0x00007ffaffa70000 - 0x00007ffaffb47000 	E:\Users\gabri\Downloads\jdk-22\bin\fontmanager.dll
0x00007ffaffb50000 - 0x00007ffaffc75000 	C:\Windows\system32\opengl32.dll
0x00007ffb15b60000 - 0x00007ffb15b8c000 	C:\Windows\SYSTEM32\GLU32.dll
0x00007ffb23a10000 - 0x00007ffb23a28000 	C:\Windows\SYSTEM32\CRYPTSP.dll
0x00007ffb23350000 - 0x00007ffb23384000 	C:\Windows\system32\rsaenh.dll
0x00007ffb240e0000 - 0x00007ffb2410e000 	C:\Windows\SYSTEM32\USERENV.dll
0x00007ffb23a30000 - 0x00007ffb23a3c000 	C:\Windows\SYSTEM32\CRYPTBASE.dll
0x00007ffb23510000 - 0x00007ffb2354b000 	C:\Windows\SYSTEM32\IPHLPAPI.DLL
0x00007ffb26020000 - 0x00007ffb26028000 	C:\Windows\System32\NSI.dll
0x00007ffb23550000 - 0x00007ffb2361a000 	C:\Windows\SYSTEM32\DNSAPI.dll
0x00007ffb14fe0000 - 0x00007ffb15060000 	C:\Windows\System32\fwpuclnt.dll
0x00007ffb18270000 - 0x00007ffb18279000 	E:\Users\gabri\Downloads\jdk-22\bin\extnet.dll
0x00007ffb15b00000 - 0x00007ffb15b0a000 	E:\Users\gabri\Downloads\jdk-22\bin\management.dll
0x00007ffb15af0000 - 0x00007ffb15afb000 	E:\Users\gabri\Downloads\jdk-22\bin\management_ext.dll
0x00007ffb25380000 - 0x00007ffb25388000 	C:\Windows\System32\PSAPI.DLL
0x00007ffb18290000 - 0x00007ffb182a0000 	E:\Users\gabri\Downloads\jdk-22\bin\verify.dll
0x00007ffb25f70000 - 0x00007ffb26019000 	C:\Windows\System32\clbcatq.dll
0x00007ffb1cc20000 - 0x00007ffb1cdd4000 	C:\Windows\SYSTEM32\WindowsCodecs.dll
0x00007ffb09c30000 - 0x00007ffb09c6e000 	C:\Windows\system32\dataexchange.dll
0x00007ffb20eb0000 - 0x00007ffb21113000 	C:\Windows\system32\d3d11.dll
0x00007ffb21120000 - 0x00007ffb21303000 	C:\Windows\system32\dcomp.dll
0x00007ffb22c30000 - 0x00007ffb22d23000 	C:\Windows\system32\dxgi.dll
0x00007ffb1ebc0000 - 0x00007ffb1edc3000 	C:\Windows\system32\twinapi.appcore.dll
0x00007ffb1efe0000 - 0x00007ffb1f0d9000 	C:\Windows\SYSTEM32\textinputframework.dll
0x00007ffb21690000 - 0x00007ffb219eb000 	C:\Windows\System32\CoreUIComponents.dll
0x00007ffb219f0000 - 0x00007ffb21ae2000 	C:\Windows\System32\CoreMessaging.dll
0x00007ffb23030000 - 0x00007ffb23063000 	C:\Windows\SYSTEM32\ntmarta.dll
0x00007ffb20250000 - 0x00007ffb203a5000 	C:\Windows\SYSTEM32\wintypes.dll

dbghelp: loaded successfully - version: 4.0.5 - missing functions: none
symbol engine: initialized successfully - sym options: 0x614 - pdb path: .;E:\Users\gabri\Downloads\jdk-22\bin;C:\Windows\SYSTEM32;C:\Windows\WinSxS\amd64_microsoft.windows.common-controls_6595b64144ccf1df_6.0.19041.3636_none_60b6a03d71f818d5;E:\Users\gabri\Downloads\jdk-22\bin\server

VM Arguments:
java_command: br.edu.ifsul.lpoo.view.TelaInicialJF
java_class_path (initial): C:\Users\Jennifer Ebertz\Documents\NetBeansProjects\ProjetoLPOOE1_GabrielAnaelStrotkamp\ProjetoLPOOE1_GabrielAnaelStrotkamp\ProjetoAB_LPOO_2025_1\target\classes;C:\Users\Jennifer Ebertz\.m2\repository\org\hibernate\javax\persistence\hibernate-jpa-2.1-api\1.0.2.Final\hibernate-jpa-2.1-api-1.0.2.Final.jar;C:\Users\Jennifer Ebertz\.m2\repository\org\hibernate\hibernate-core\5.3.3.Final\hibernate-core-5.3.3.Final.jar;C:\Users\Jennifer Ebertz\.m2\repository\org\jboss\logging\jboss-logging\3.3.2.Final\jboss-logging-3.3.2.Final.jar;C:\Users\Jennifer Ebertz\.m2\repository\javax\persistence\javax.persistence-api\2.2\javax.persistence-api-2.2.jar;C:\Users\Jennifer Ebertz\.m2\repository\org\javassist\javassist\3.23.1-GA\javassist-3.23.1-GA.jar;C:\Users\Jennifer Ebertz\.m2\repository\net\bytebuddy\byte-buddy\1.8.13\byte-buddy-1.8.13.jar;C:\Users\Jennifer Ebertz\.m2\repository\antlr\antlr\2.7.7\antlr-2.7.7.jar;C:\Users\Jennifer Ebertz\.m2\repository\org\jboss\spec\javax\transaction\jboss-transaction-api_1.2_spec\1.1.1.Final\jboss-transaction-api_1.2_spec-1.1.1.Final.jar;C:\Users\Jennifer Ebertz\.m2\repository\org\jboss\jandex\2.0.5.Final\jandex-2.0.5.Final.jar;C:\Users\Jennifer Ebertz\.m2\repository\com\fasterxml\classmate\1.3.4\classmate-1.3.4.jar;C:\Users\Jennifer Ebertz\.m2\repository\javax\activation\javax.activation-api\1.2.0\javax.activation-api-1.2.0.jar;C:\Users\Jennifer Ebertz\.m2\repository\dom4j\dom4j\1.6.1\dom4j-1.6.1.jar;C:\Users\Jennifer Ebertz\.m2\repository\org\hibernate\common\hibernate-commons-annotations\5.0.4.Final\hibernate-commons-annotations-5.0.4.Final.jar;C:\Users\Jennifer Ebertz\.m2\repository\org\postgresql\postgresql\42.2.24\postgresql-42.2.24.jar;C:\Users\Jennifer Ebertz\.m2\repository\org\checkerframework\checker-qual\3.5.0\checker-qual-3.5.0.jar;C:\Users\Jennifer Ebertz\.m2\repository\org\hibernate\hibernate-entitymanager\4.3.1.Final\hibernate-entitymanager-4.3.1.Final.jar;C:\Users\Jennifer Ebertz\.m2\repository\org\jboss\logging\jboss-logging-annotations\1.2.0.Beta1\jboss-logging-annotations-1.2.0.Beta1.jar;C:\Users\Jennifer Ebertz\.m2\repository\javax\xml\bind\jaxb-api\2.3.0\jaxb-api-2.3.0.jar;C:\Users\Jennifer Ebertz\.m2\repository\org\eclipse\persistence\org.eclipse.persistence.core\2.7.12\org.eclipse.persistence.core-2.7.12.jar;C:\Users\Jennifer Ebertz\.m2\repository\org\eclipse\persistence\org.eclipse.persistence.asm\9.4.0\org.eclipse.persistence.asm-9.4.0.jar;C:\Users\Jennifer Ebertz\.m2\repository\org\eclipse\persistence\org.eclipse.persistence.antlr\2.7.12\org.eclipse.persistence.antlr-2.7.12.jar;C:\Users\Jennifer Ebertz\.m2\repository\org\eclipse\persistence\org.eclipse.persistence.jpa\2.7.12\org.eclipse.persistence.jpa-2.7.12.jar;C:\Users\Jennifer Ebertz\.m2\repository\org\eclipse\persistence\org.eclipse.persistence.jpa.jpql\2.7.12\org.eclipse.persistence.jpa.jpql-2.7.12.jar;C:\Users\Jennifer Ebertz\.m2\repository\org\eclipse\persistence\org.eclipse.persistence.moxy\2.7.12\org.eclipse.persistence.moxy-2.7.12.jar;C:\Users\Jennifer Ebertz\.m2\repository\org\eclipse\persistence\jakarta.persistence\2.2.3\jakarta.persistence-2.2.3.jar
Launcher Type: SUN_STANDARD

[Global flags]
     intx CICompilerCount                          = 3                                         {product} {ergonomic}
     uint ConcGCThreads                            = 1                                         {product} {ergonomic}
     uint G1ConcRefinementThreads                  = 4                                         {product} {ergonomic}
   size_t G1HeapRegionSize                         = 1048576                                   {product} {ergonomic}
   size_t InitialHeapSize                          = 65011712                                  {product} {ergonomic}
   size_t MarkStackSize                            = 4194304                                   {product} {ergonomic}
   size_t MaxHeapSize                              = 1031798784                                {product} {ergonomic}
   size_t MaxNewSize                               = 618659840                                 {product} {ergonomic}
   size_t MinHeapDeltaBytes                        = 1048576                                   {product} {ergonomic}
   size_t MinHeapSize                              = 8388608                                   {product} {ergonomic}
    uintx NonNMethodCodeHeapSize                   = 5832780                                {pd product} {ergonomic}
    uintx NonProfiledCodeHeapSize                  = 122912730                              {pd product} {ergonomic}
    uintx ProfiledCodeHeapSize                     = 122912730                              {pd product} {ergonomic}
    uintx ReservedCodeCacheSize                    = 251658240                              {pd product} {ergonomic}
     bool SegmentedCodeCache                       = true                                      {product} {ergonomic}
   size_t SoftMaxHeapSize                          = 1031798784                             {manageable} {ergonomic}
     bool UseCompressedOops                        = true                           {product lp64_product} {ergonomic}
     bool UseG1GC                                  = true                                      {product} {ergonomic}
     bool UseLargePagesIndividualAllocation        = false                                  {pd product} {ergonomic}

Logging:
Log output configuration:
 #0: stdout all=warning uptime,level,tags foldmultilines=false
 #1: stderr all=off uptime,level,tags foldmultilines=false

Environment Variables:
JAVA_HOME=E:\Users\gabri\Downloads\jdk-22
PATH=C:\Program Files (x86)\Common Files\Oracle\Java\java8path;C:\Program Files (x86)\Common Files\Oracle\Java\javapath;C:\Windows\system32;C:\Windows;C:\Windows\System32\Wbem;C:\Windows\System32\WindowsPowerShell\v1.0\;C:\Windows\System32\OpenSSH\;C:\Users\Jennifer Ebertz\AppData\Local\Programs\Eclipse Adoptium\jdk-21.0.4.7-hotspot\bin;C:\Users\Jennifer Ebertz\AppData\Local\Microsoft\WindowsApps;C:\Users\Jennifer Ebertz\AppData\Local\Programs\Microsoft VS Code\bin
USERNAME=Jennifer Ebertz
OS=Windows_NT
PROCESSOR_IDENTIFIER=Intel64 Family 6 Model 76 Stepping 3, GenuineIntel
TMP=C:\Users\Jennifer Ebertz\AppData\Local\Temp
TEMP=C:\Users\Jennifer Ebertz\AppData\Local\Temp




Periodic native trim disabled

---------------  S Y S T E M  ---------------

OS:
 Windows 10 , 64 bit Build 19041 (10.0.19041.3636)
OS uptime: 4 days 7:11 hours

CPU: total 4 (initial active 4) (4 cores per cpu, 1 threads per core) family 6 model 76 stepping 3 microcode 0x368, cx8, cmov, fxsr, mmx, 3dnowpref, sse, sse2, sse3, ssse3, sse4.1, sse4.2, popcnt, tsc, tscinvbit, aes, erms, clmul, clflush, rdtscp
Processor Information for all 4 processors :
  Max Mhz: 1601, Current Mhz: 1601, Mhz Limit: 1601

Memory: 4k page, system-wide physical 3930M (113M free)
TotalPageFile size 12122M (AvailPageFile size 5M)
current process WorkingSet (physical memory assigned to process): 150M, peak: 186M
current process commit charge ("private bytes"): 174M, peak: 212M

vm_info: Java HotSpot(TM) 64-Bit Server VM (22+36-2370) for windows-amd64 JRE (22+36-2370), built on 2024-02-15T22:15:19Z by "mach5one" with MS VC++ 17.6 (VS2022)

END.
